#
# A fatal error has been detected by the Java Runtime Environment:
#
#  EXCEPTION_ACCESS_VIOLATION (0xc0000005) at pc=0x000001cc8b721050, pid=22272, tid=9476
#
# JRE version: Java(TM) SE Runtime Environment (21.0.1+12) (build 21.0.1+12-LTS-29)
# Java VM: Java HotSpot(TM) 64-Bit Server VM (21.0.1+12-LTS-29, mixed mode, emulated-client, sharing, tiered, compressed oops, compressed class ptrs, g1 gc, windows-amd64)
# Problematic frame:
# v  ~BufferBlob::MethodHandles adapters 0x000001cc8b721050
#
# No core dump will be written. Minidumps are not enabled by default on client versions of Windows
#
# If you would like to submit a bug report, please visit:
#   https://bugreport.java.com/bugreport/crash.jsp
#

---------------  S U M M A R Y ------------

Command Line: -XX:+ShowCodeDetailsInExceptionMessages -agentlib:jdwp=transport=dt_socket,suspend=y,address=localhost:55084 -Dcom.sun.management.jmxremote -Dcom.sun.management.jmxremote.port=55083 -Dcom.sun.management.jmxremote.authenticate=false -Dcom.sun.management.jmxremote.ssl=false -Djava.rmi.server.hostname=localhost -Dspring.jmx.enabled=true -Dspring.application.admin.enabled=true -XX:TieredStopAtLevel=1 -Dspring.boot.project.name=JaWa -javaagent:D:\Users\richa\eclipse\java-2022-06\eclipse\configuration\org.eclipse.osgi\1383\0\.cp\lib\javaagent-shaded.jar -Dfile.encoding=UTF-8 -Dstdout.encoding=UTF-8 -Dstderr.encoding=UTF-8 com.iu.JaWa.JaWaApplication

Host: Intel(R) Core(TM) i5-10600K CPU @ 4.10GHz, 12 cores, 31G,  Windows 10 , 64 bit Build 19041 (10.0.19041.3636)
Time: Mon Apr 29 18:14:33 2024 Mitteleuropäische Sommerzeit elapsed time: 1867.278748 seconds (0d 0h 31m 7s)

---------------  T H R E A D  ---------------

Current thread (0x000001cce49f3e60):  JavaThread "http-nio-8080-exec-6" daemon [_thread_in_Java, id=9476, stack(0x0000002aa9200000,0x0000002aa9300000) (1024K)]

Stack: [0x0000002aa9200000,0x0000002aa9300000],  sp=0x0000002aa92fad08,  free space=1003k
Native frames: (J=compiled Java code, j=interpreted, Vv=VM code, C=native code)
C  0x000001cc8b721050

The last pc belongs to _linkToSpecial (printed below).

siginfo: EXCEPTION_ACCESS_VIOLATION (0xc0000005), reading address 0xffffffffffffffff


Registers:
RAX=0x000001cc8b6f9086, RBX=0xc02f8ac800000000, RCX=0x0000002aa92fad10, RDX=0x0000000000000002
RSP=0x0000002aa92fad08, RBP=0x0000002aa92fad58, RSI=0x000001cce378f618, RDI=0x000001cce1629a10
R8 =0x0000000000000004, R9 =0x0000000000000004, R10=0x00007fffeed99e90, R11=0x000001cc9c0b6b68
R12=0x0000000000000000, R13=0x0000002aa92fad08, R14=0x0000002aa92fad78, R15=0x000001cce49f3e60
RIP=0x000001cc8b721050, EFLAGS=0x0000000000010202


Register to memory mapping:

RAX=0x000001cc8b6f9086 is at code_begin+3078 in an Interpreter codelet
return entry points  [0x000001cc8b6f8480, 0x000001cc8b6fa298]  7704 bytes
RBX=0xc02f8ac800000000 is an unknown value
RCX=0x0000002aa92fad10 is pointing into the stack for thread: 0x000001cce49f3e60
RDX=0x0000000000000002 is an unknown value
RSP=0x0000002aa92fad08 is pointing into the stack for thread: 0x000001cce49f3e60
RBP=0x0000002aa92fad58 is pointing into the stack for thread: 0x000001cce49f3e60
RSI=0x000001cce378f618 points into unknown readable memory: 0x8c002a0c54ce34f7 | f7 34 ce 54 0c 2a 00 8c
RDI=0x000001cce1629a10 points into unknown readable memory: 0x0000001800000070 | 70 00 00 00 18 00 00 00
R8 =0x0000000000000004 is an unknown value
R9 =0x0000000000000004 is an unknown value
R10=0x00007fffeed99e90 jvm.dll
R11={method} {0x000001cc9c0b6b70} 'newInvokeSpecial' '(Ljava/lang/Object;)Ljava/lang/Object;' in 'java/lang/invoke/DirectMethodHandle$Holder'
R12=0x0 is null
R13=0x0000002aa92fad08 is pointing into the stack for thread: 0x000001cce49f3e60
R14=0x0000002aa92fad78 is pointing into the stack for thread: 0x000001cce49f3e60
R15=0x000001cce49f3e60 is a thread

Top of Stack: (sp=0x0000002aa92fad08)
0x0000002aa92fad08:   000001cc8b6f9086 0000002aa92fad10
0x0000002aa92fad18:   000001cc9c72d9bf 0000000000000004
0x0000002aa92fad28:   000001cc9c0b2020 00007fffee517942
0x0000002aa92fad38:   00000006017b15a8 000001cc9c0b6b68
0x0000002aa92fad48:   0000002aa92fad08 0000002aa92fad80
0x0000002aa92fad58:   0000002aa92fb0d8 000001cc8baac94b
0x0000002aa92fad68:   0000000609639298 000000060d21e8a0
0x0000002aa92fad78:   0000000609639238 000000060d21e370
0x0000002aa92fad88:   0000002aa92fc130 0000002aa92fb0d8
0x0000002aa92fad98:   000001cc8baaf174 000001cc98bbad70
0x0000002aa92fada8:   00007fffee3b2ee6 00007fffeed89278
0x0000002aa92fadb8:   0000000000000000 00000000ffffffff
0x0000002aa92fadc8:   000001cce4e38f30 0000000000000000
0x0000002aa92fadd8:   00007fffee3abe7b 000001cce4e38f30
0x0000002aa92fade8:   00007ff82e365492 0000002aa92fc130
0x0000002aa92fadf8:   00000006017844b8 0000000000002228
0x0000002aa92fae08:   0000000000000001 00007fffeed89178
0x0000002aa92fae18:   000000060d21e370 0000000609639220
0x0000002aa92fae28:   000000060d21e870 0000000602c87128
0x0000002aa92fae38:   0000000000000001 0000000000000000
0x0000002aa92fae48:   0000000000000000 0000000000000000
0x0000002aa92fae58:   0000000000000000 0000000609639238
0x0000002aa92fae68:   000001cc8baae5dc 0000000000000000
0x0000002aa92fae78:   0000000000000000 0000000000000000
0x0000002aa92fae88:   000001cce49f3e00 000001cce49f3e60
0x0000002aa92fae98:   0000000000000000 00000006026f9750
0x0000002aa92faea8:   0000000602c87128 0000000602c87128
0x0000002aa92faeb8:   000001cc00000001 000000060d21e370
0x0000002aa92faec8:   0000000000000000 0000000000000000
0x0000002aa92faed8:   000001cc8baabe6c 0000002aa92fb0d8
0x0000002aa92faee8:   000001cc8baa736a 0000000000000000
0x0000002aa92faef8:   000001cc8b9c0929 000001cce49f3e60 

Instructions: (pc=0x000001cc8b721050)
0x000001cc8b720f50:   bf e0 05 00 00 00 74 03 ff 63 38 ff 63 50 e9 9d
0x000001cc8b720f60:   16 00 00 66 66 66 0f 1f 84 00 00 00 00 00 66 66
0x000001cc8b720f70:   66 90 66 66 0f 1f 84 00 00 00 00 00 66 66 66 90
0x000001cc8b720f80:   48 8b 53 08 0f b7 52 2e 48 8b 0c d4 58 5b 50 44
0x000001cc8b720f90:   8b 51 08 49 bb 00 00 00 9c cc 01 00 00 4d 03 d3
0x000001cc8b720fa0:   4c 8b 5b 10 4b 8b 9c da c8 01 00 00 48 85 db 0f
0x000001cc8b720fb0:   84 10 00 00 00 41 80 bf e0 05 00 00 00 74 03 ff
0x000001cc8b720fc0:   63 38 ff 63 50 e9 36 16 00 00 66 66 66 0f 1f 84
0x000001cc8b720fd0:   00 00 00 00 00 66 66 66 90 0f 1f 80 00 00 00 00
0x000001cc8b720fe0:   58 5b 50 8b 5b 24 48 c1 e3 03 48 8b 5b 10 48 85
0x000001cc8b720ff0:   db 0f 84 10 00 00 00 41 80 bf e0 05 00 00 00 74
0x000001cc8b721000:   03 ff 63 38 ff 63 50 e9 f4 15 00 00 66 66 66 0f
0x000001cc8b721010:   1f 84 00 00 00 00 00 66 66 66 90 0f 1f 44 00 00
0x000001cc8b721020:   48 8b 53 08 0f b7 52 2e 48 8b 0c d4 58 5b 50 48
0x000001cc8b721030:   3b 01 8b 5b 24 48 c1 e3 03 48 8b 5b 10 48 85 db
0x000001cc8b721040:   0f 84 10 00 00 00 41 80 bf e0 05 00 00 00 74 03
0x000001cc8b721050:   ff 63 38 ff 63 50 e9 a5 15 00 00 0f 1f 44 00 00
0x000001cc8b721060:   48 8b 53 08 0f b7 52 2e 48 8b 0c d4 58 5b 50 44
0x000001cc8b721070:   8b 51 08 49 bb 00 00 00 9c cc 01 00 00 4d 03 d3
0x000001cc8b721080:   8b 43 18 48 c1 e0 03 48 8b 40 10 48 8b 5b 10 45
0x000001cc8b721090:   8b 9a a0 00 00 00 4f 8d 9c da c8 01 00 00 4d 8d
0x000001cc8b7210a0:   14 da 49 8b 1b 48 3b c3 74 15 48 85 db 0f 84 32
0x000001cc8b7210b0:   00 00 00 49 83 c3 10 49 8b 1b 48 3b c3 75 eb 45
0x000001cc8b7210c0:   8b 5b 08 4b 8b 1c 1a 48 85 db 0f 84 10 00 00 00
0x000001cc8b7210d0:   41 80 bf e0 05 00 00 00 74 03 ff 63 38 ff 63 50
0x000001cc8b7210e0:   e9 1b 15 00 00 e9 16 12 00 00 f4 00 00 00 00 00
0x000001cc8b7210f0:   00 00 00 00 00 00 00 00 00 00 00 00 00 00 00 00
0x000001cc8b721100:   00 00 00 00 00 00 00 00 00 00 00 00 00 00 00 00
0x000001cc8b721110:   00 00 00 00 00 00 00 00 00 00 00 00 00 00 00 00
0x000001cc8b721120:   00 00 00 00 00 00 00 00 00 00 00 00 00 00 00 00
0x000001cc8b721130:   00 00 00 00 00 00 00 00 00 00 00 00 00 00 00 00
0x000001cc8b721140:   00 00 00 00 00 00 00 00 00 00 00 00 00 00 00 00 


Stack slot to memory mapping:

stack at sp + 0 slots: 0x000001cc8b6f9086 is at code_begin+3078 in an Interpreter codelet
return entry points  [0x000001cc8b6f8480, 0x000001cc8b6fa298]  7704 bytes
stack at sp + 1 slots: 0x0000002aa92fad10 is pointing into the stack for thread: 0x000001cce49f3e60
stack at sp + 2 slots: 0x000001cc9c72d9bf is pointing into metadata
stack at sp + 3 slots: 0x0000000000000004 is an unknown value
stack at sp + 4 slots: 0x000001cc9c0b2020 is pointing into metadata
stack at sp + 5 slots: 0x00007fffee517942 jvm.dll
stack at sp + 6 slots: 0x00000006017b15a8 is an oop: java.lang.Class 
{0x00000006017b15a8} - klass: 'java/lang/Class'
 - ---- fields (total size 14 words):
 - private volatile transient 'classRedefinedCount' 'I' @12  0 (0x00000000)
 - injected 'klass' 'J' @16  1978302929904 (0x000001cc9c0b1bf0)
 - injected 'array_klass' 'J' @24  0 (0x0000000000000000)
 - injected 'oop_size' 'I' @32  14 (0x0000000e)
 - injected 'static_oop_field_count' 'I' @36  0 (0x00000000)
 - private volatile transient 'cachedConstructor' 'Ljava/lang/reflect/Constructor;' @40  null (0x00000000)
 - private transient 'name' 'Ljava/lang/String;' @44  null (0x00000000)
 - private transient 'module' 'Ljava/lang/Module;' @48  a 'java/lang/Module'{0x000000060178c618} (0xc02f18c3)
 - private final 'classLoader' 'Ljava/lang/ClassLoader;' @52  null (0x00000000)
 - private transient 'classData' 'Ljava/lang/Object;' @56  null (0x00000000)
 - private transient 'packageName' 'Ljava/lang/String;' @60  null (0x00000000)
 - private final 'componentType' 'Ljava/lang/Class;' @64  null (0x00000000)
 - private volatile transient 'reflectionData' 'Ljava/lang/ref/SoftReference;' @68  null (0x00000000)
 - private volatile transient 'genericInfo' 'Lsun/reflect/generics/repository/ClassRepository;' @72  null (0x00000000)
 - private volatile transient 'enumConstants' '[Ljava/lang/Object;' @76  null (0x00000000)
 - private volatile transient 'enumConstantDirectory' 'Ljava/util/Map;' @80  null (0x00000000)
 - private volatile transient 'annotationData' 'Ljava/lang/Class$AnnotationData;' @84  null (0x00000000)
 - private volatile transient 'annotationType' 'Lsun/reflect/annotation/AnnotationType;' @88  null (0x00000000)
 - transient 'classValueMap' 'Ljava/lang/ClassValue$ClassValueMap;' @92  null (0x00000000)
 - injected 'protection_domain' 'Ljava/lang/Object;' @96  null (0x00000000)
 - injected 'signers_name' 'Ljava/lang/Object;' @100  null (0x00000000)
 - injected 'source_file' 'Ljava/lang/Object;' @104  null (0x00000000)
 - signature: Ljava/lang/invoke/DirectMethodHandle$Holder;
 - ---- static fields (0):
stack at sp + 7 slots: {method} {0x000001cc9c0b6b70} 'newInvokeSpecial' '(Ljava/lang/Object;)Ljava/lang/Object;' in 'java/lang/invoke/DirectMethodHandle$Holder'

MethodHandle::interpreter_entry::_linkToSpecial [0x000001cc8b72100c, 0x000001cc8b72105b] (79 bytes)
[MachCode]
  0x000001cc8b72100c: 6666 660f | 1f84 0000 | 0000 0066 | 6666 900f | 1f44 0000 | 488b 5308 | 0fb7 522e | 488b 0cd4 
  0x000001cc8b72102c: 585b 5048 | 3b01 8b5b | 2448 c1e3 | 0348 8b5b | 1048 85db | 0f84 1000 | 0000 4180 | bfe0 0500 
  0x000001cc8b72104c: 0000 7403 | ff63 38ff | 6350 e9a5 | 
[/MachCode]

---------------  P R O C E S S  ---------------

Threads class SMR info:
_java_thread_list=0x000001cce47c4f80, length=39, elements={
0x000001cc9b7b8380, 0x000001cc9b7b8fe0, 0x000001cc9b7b9ec0, 0x000001cc9b7bca30,
0x000001cc9b7c14b0, 0x000001cc9b7c5410, 0x000001cc9b7ce490, 0x000001cc9b917ce0,
0x000001cc9b991e30, 0x000001cc9b998460, 0x000001cc9b998ae0, 0x000001cce14cd340,
0x000001cce1684510, 0x000001cce16b82e0, 0x000001cce1710880, 0x000001cce36069d0,
0x000001cce39a5b50, 0x000001cce39a4110, 0x000001cce39a61e0, 0x000001cce39a47a0,
0x000001cce39a6870, 0x000001cce49f1700, 0x000001cce49f6c50, 0x000001cce49f1d90,
0x000001cce49f8000, 0x000001cce49f37d0, 0x000001cce49f3e60, 0x000001cce49f1070,
0x000001cce49f7970, 0x000001cce49f44f0, 0x000001cce49f2420, 0x000001cce49f5210,
0x000001cce49f2ab0, 0x000001cce49f72e0, 0x000001cce4bf0580, 0x000001cce4bf3a00,
0x000001cce49f3140, 0x000001cce4bf4db0, 0x000001cce4bee4b0
}

Java Threads: ( => current thread )
  0x000001cc9b7b8380 JavaThread "Reference Handler"          daemon [_thread_blocked, id=20580, stack(0x0000002aa5f00000,0x0000002aa6000000) (1024K)]
  0x000001cc9b7b8fe0 JavaThread "Finalizer"                  daemon [_thread_blocked, id=9132, stack(0x0000002aa6000000,0x0000002aa6100000) (1024K)]
  0x000001cc9b7b9ec0 JavaThread "Signal Dispatcher"          daemon [_thread_blocked, id=4928, stack(0x0000002aa6100000,0x0000002aa6200000) (1024K)]
  0x000001cc9b7bca30 JavaThread "Attach Listener"            daemon [_thread_blocked, id=10724, stack(0x0000002aa6200000,0x0000002aa6300000) (1024K)]
  0x000001cc9b7c14b0 JavaThread "Service Thread"             daemon [_thread_blocked, id=12996, stack(0x0000002aa6300000,0x0000002aa6400000) (1024K)]
  0x000001cc9b7c5410 JavaThread "Monitor Deflation Thread"   daemon [_thread_blocked, id=15788, stack(0x0000002aa6400000,0x0000002aa6500000) (1024K)]
  0x000001cc9b7ce490 JavaThread "C1 CompilerThread0"         daemon [_thread_blocked, id=18836, stack(0x0000002aa6500000,0x0000002aa6600000) (1024K)]
  0x000001cc9b917ce0 JavaThread "Common-Cleaner"             daemon [_thread_blocked, id=22816, stack(0x0000002aa6600000,0x0000002aa6700000) (1024K)]
  0x000001cc9b991e30 JavaThread "JDWP Transport Listener: dt_socket" daemon [_thread_blocked, id=23220, stack(0x0000002aa6900000,0x0000002aa6a00000) (1024K)]
  0x000001cc9b998460 JavaThread "JDWP Event Helper Thread"   daemon [_thread_blocked, id=10028, stack(0x0000002aa6a00000,0x0000002aa6b00000) (1024K)]
  0x000001cc9b998ae0 JavaThread "JDWP Command Reader"        daemon [_thread_in_native, id=9260, stack(0x0000002aa6b00000,0x0000002aa6c00000) (1024K)]
  0x000001cce14cd340 JavaThread "Notification Thread"        daemon [_thread_blocked, id=12556, stack(0x0000002aa6c00000,0x0000002aa6d00000) (1024K)]
  0x000001cce1684510 JavaThread "RMI TCP Accept-0"           daemon [_thread_in_native, id=22164, stack(0x0000002aa6d00000,0x0000002aa6e00000) (1024K)]
  0x000001cce16b82e0 JavaThread "RMI TCP Accept-55083"       daemon [_thread_in_native, id=22772, stack(0x0000002aa6e00000,0x0000002aa6f00000) (1024K)]
  0x000001cce1710880 JavaThread "RMI TCP Accept-0"           daemon [_thread_in_native, id=23716, stack(0x0000002aa7800000,0x0000002aa7900000) (1024K)]
  0x000001cce36069d0 JavaThread "JNA Cleaner"                daemon [_thread_blocked, id=20780, stack(0x0000002aa7900000,0x0000002aa7a00000) (1024K)]
  0x000001cce39a5b50 JavaThread "Catalina-utility-1"                [_thread_blocked, id=740, stack(0x0000002aa8300000,0x0000002aa8400000) (1024K)]
  0x000001cce39a4110 JavaThread "Catalina-utility-2"                [_thread_blocked, id=992, stack(0x0000002aa8400000,0x0000002aa8500000) (1024K)]
  0x000001cce39a61e0 JavaThread "container-0"                       [_thread_blocked, id=7212, stack(0x0000002aa8500000,0x0000002aa8600000) (1024K)]
  0x000001cce39a47a0 JavaThread "PostgreSQL-JDBC-Cleaner"    daemon [_thread_blocked, id=8912, stack(0x0000002aa8700000,0x0000002aa8800000) (1024K)]
  0x000001cce39a6870 JavaThread "HikariPool-1 housekeeper"   daemon [_thread_blocked, id=23000, stack(0x0000002aa8800000,0x0000002aa8900000) (1024K)]
  0x000001cce49f1700 JavaThread "http-nio-8080-exec-1"       daemon [_thread_blocked, id=22196, stack(0x0000002aa8d00000,0x0000002aa8e00000) (1024K)]
  0x000001cce49f6c50 JavaThread "http-nio-8080-exec-2"       daemon [_thread_blocked, id=23600, stack(0x0000002aa8e00000,0x0000002aa8f00000) (1024K)]
  0x000001cce49f1d90 JavaThread "http-nio-8080-exec-3"       daemon [_thread_blocked, id=9664, stack(0x0000002aa8f00000,0x0000002aa9000000) (1024K)]
  0x000001cce49f8000 JavaThread "http-nio-8080-exec-4"       daemon [_thread_blocked, id=21228, stack(0x0000002aa9000000,0x0000002aa9100000) (1024K)]
  0x000001cce49f37d0 JavaThread "http-nio-8080-exec-5"       daemon [_thread_blocked, id=12024, stack(0x0000002aa9100000,0x0000002aa9200000) (1024K)]
=>0x000001cce49f3e60 JavaThread "http-nio-8080-exec-6"       daemon [_thread_in_Java, id=9476, stack(0x0000002aa9200000,0x0000002aa9300000) (1024K)]
  0x000001cce49f1070 JavaThread "http-nio-8080-exec-7"       daemon [_thread_blocked, id=2152, stack(0x0000002aa9300000,0x0000002aa9400000) (1024K)]
  0x000001cce49f7970 JavaThread "http-nio-8080-exec-8"       daemon [_thread_blocked, id=20096, stack(0x0000002aa9400000,0x0000002aa9500000) (1024K)]
  0x000001cce49f44f0 JavaThread "http-nio-8080-exec-9"       daemon [_thread_blocked, id=10732, stack(0x0000002aa9500000,0x0000002aa9600000) (1024K)]
  0x000001cce49f2420 JavaThread "http-nio-8080-exec-10"      daemon [_thread_blocked, id=5544, stack(0x0000002aa9600000,0x0000002aa9700000) (1024K)]
  0x000001cce49f5210 JavaThread "http-nio-8080-Poller"       daemon [_thread_in_native, id=4232, stack(0x0000002aa9700000,0x0000002aa9800000) (1024K)]
  0x000001cce49f2ab0 JavaThread "http-nio-8080-Acceptor"     daemon [_thread_in_native, id=4828, stack(0x0000002aa9800000,0x0000002aa9900000) (1024K)]
  0x000001cce49f72e0 JavaThread "DestroyJavaVM"                     [_thread_blocked, id=18452, stack(0x0000002aa5700000,0x0000002aa5800000) (1024K)]
  0x000001cce4bf0580 JavaThread "Atmosphere-Shared-0"        daemon [_thread_blocked, id=21824, stack(0x0000002aa8100000,0x0000002aa8200000) (1024K)]
  0x000001cce4bf3a00 JavaThread "Atmosphere-Shared-0"        daemon [_thread_blocked, id=12080, stack(0x0000002aa7e00000,0x0000002aa7f00000) (1024K)]
  0x000001cce49f3140 JavaThread "Atmosphere-Scheduler-130"   daemon [_thread_blocked, id=13632, stack(0x0000002aa5600000,0x0000002aa5700000) (1024K)]
  0x000001cce4bf4db0 JavaThread "WebSocket background processing" daemon [_thread_blocked, id=7752, stack(0x0000002aa8200000,0x0000002aa8300000) (1024K)]
  0x000001cce4bee4b0 JavaThread "Atmosphere-Scheduler-138"   daemon [_thread_blocked, id=14264, stack(0x0000002aa5400000,0x0000002aa5500000) (1024K)]
Total: 39

Other Threads:
  0x000001cc98bc4f20 VMThread "VM Thread"                           [id=15628, stack(0x0000002aa5e00000,0x0000002aa5f00000) (1024K)]
  0x000001cc98bafa30 WatcherThread "VM Periodic Task Thread"        [id=20760, stack(0x0000002aa5d00000,0x0000002aa5e00000) (1024K)]
  0x000001cc8334d3a0 WorkerThread "GC Thread#0"                     [id=6652, stack(0x0000002aa5800000,0x0000002aa5900000) (1024K)]
  0x000001cce16c2980 WorkerThread "GC Thread#1"                     [id=24528, stack(0x0000002aa6f00000,0x0000002aa7000000) (1024K)]
  0x000001cce16c2d20 WorkerThread "GC Thread#2"                     [id=14128, stack(0x0000002aa7000000,0x0000002aa7100000) (1024K)]
  0x000001cce16c30c0 WorkerThread "GC Thread#3"                     [id=11728, stack(0x0000002aa7100000,0x0000002aa7200000) (1024K)]
  0x000001cce16c3460 WorkerThread "GC Thread#4"                     [id=1740, stack(0x0000002aa7200000,0x0000002aa7300000) (1024K)]
  0x000001cce16c3800 WorkerThread "GC Thread#5"                     [id=20004, stack(0x0000002aa7300000,0x0000002aa7400000) (1024K)]
  0x000001cce16c3ba0 WorkerThread "GC Thread#6"                     [id=15800, stack(0x0000002aa7400000,0x0000002aa7500000) (1024K)]
  0x000001cce16cc360 WorkerThread "GC Thread#7"                     [id=14224, stack(0x0000002aa7500000,0x0000002aa7600000) (1024K)]
  0x000001cce16cc700 WorkerThread "GC Thread#8"                     [id=12916, stack(0x0000002aa7600000,0x0000002aa7700000) (1024K)]
  0x000001cce16cd2a0 WorkerThread "GC Thread#9"                     [id=3208, stack(0x0000002aa7700000,0x0000002aa7800000) (1024K)]
  0x000001cc989d4060 ConcurrentGCThread "G1 Main Marker"            [id=11540, stack(0x0000002aa5900000,0x0000002aa5a00000) (1024K)]
  0x000001cc989d4a70 WorkerThread "G1 Conc#0"                       [id=23556, stack(0x0000002aa5a00000,0x0000002aa5b00000) (1024K)]
  0x000001cce16ce120 WorkerThread "G1 Conc#1"                       [id=22484, stack(0x0000002aa7b00000,0x0000002aa7c00000) (1024K)]
  0x000001cce16cd9e0 WorkerThread "G1 Conc#2"                       [id=17492, stack(0x0000002aa7c00000,0x0000002aa7d00000) (1024K)]
  0x000001cc98a6be40 ConcurrentGCThread "G1 Refine#0"               [id=23468, stack(0x0000002aa5b00000,0x0000002aa5c00000) (1024K)]
  0x000001cc98a6d770 ConcurrentGCThread "G1 Service"                [id=13820, stack(0x0000002aa5c00000,0x0000002aa5d00000) (1024K)]
Total: 18

Threads with active compile tasks:
Total: 0

VM state: not at safepoint (normal execution)

VM Mutex/Monitor currently owned by a thread: None

Heap address: 0x0000000601400000, size: 8172 MB, Compressed Oops mode: Zero based, Oop shift amount: 3

CDS archive(s) mapped at: [0x000001cc9c000000-0x000001cc9cc90000-0x000001cc9cc90000), size 13172736, SharedBaseAddress: 0x000001cc9c000000, ArchiveRelocationMode: 1.
Compressed class space mapped at: 0x000001cc9d000000-0x000001ccdd000000, reserved size: 1073741824
Narrow klass base: 0x000001cc9c000000, Narrow klass shift: 0, Narrow klass range: 0x100000000

GC Precious Log:
 CardTable entry size: 512
 Card Set container configuration: InlinePtr #cards 4 size 8 Array Of Cards #cards 32 size 80 Howl #buckets 8 coarsen threshold 7372 Howl Bitmap #cards 1024 size 144 coarsen threshold 921 Card regions per heap region 1 cards per card region 8192
 CPUs: 12 total, 12 available
 Memory: 32677M
 Large Page Support: Disabled
 NUMA Support: Disabled
 Compressed Oops: Enabled (Zero based)
 Heap Region Size: 4M
 Heap Min Capacity: 8M
 Heap Initial Capacity: 512M
 Heap Max Capacity: 8172M
 Pre-touch: Disabled
 Parallel Workers: 10
 Concurrent Workers: 3
 Concurrent Refinement Workers: 10
 Periodic GC: Disabled

Heap:
 garbage-first heap   total 204800K, used 70507K [0x0000000601400000, 0x0000000800000000)
  region size 4096K, 7 young (28672K), 3 survivors (12288K)
 Metaspace       used 82860K, committed 83904K, reserved 1179648K
  class space    used 11542K, committed 11968K, reserved 1048576K

Heap Regions: E=young(eden), S=young(survivor), O=old, HS=humongous(starts), HC=humongous(continues), CS=collection set, F=free, TAMS=top-at-mark-start, PB=parsable bottom
|   0|0x0000000601400000, 0x0000000601800000, 0x0000000601800000|100%| O|  |TAMS 0x0000000601400000| PB 0x0000000601400000| Untracked 
|   1|0x0000000601800000, 0x0000000601c00000, 0x0000000601c00000|100%| O|Cm|TAMS 0x0000000601800000| PB 0x0000000601800000| Complete 
|   2|0x0000000601c00000, 0x0000000602000000, 0x0000000602000000|100%| O|  |TAMS 0x0000000601c00000| PB 0x0000000601c00000| Untracked 
|   3|0x0000000602000000, 0x0000000602400000, 0x0000000602400000|100%| O|  |TAMS 0x0000000602000000| PB 0x0000000602000000| Untracked 
|   4|0x0000000602400000, 0x0000000602800000, 0x0000000602800000|100%| O|  |TAMS 0x0000000602400000| PB 0x0000000602400000| Untracked 
|   5|0x0000000602800000, 0x0000000602c00000, 0x0000000602c00000|100%| O|  |TAMS 0x0000000602800000| PB 0x0000000602800000| Untracked 
|   6|0x0000000602c00000, 0x0000000603000000, 0x0000000603000000|100%| O|Cm|TAMS 0x0000000602c00000| PB 0x0000000602c00000| Complete 
|   7|0x0000000603000000, 0x0000000603400000, 0x0000000603400000|100%| O|Cm|TAMS 0x0000000603000000| PB 0x0000000603000000| Complete 
|   8|0x0000000603400000, 0x0000000603800000, 0x0000000603800000|100%| O|Cm|TAMS 0x0000000603400000| PB 0x0000000603400000| Complete 
|   9|0x0000000603800000, 0x0000000603c00000, 0x0000000603c00000|100%| O|  |TAMS 0x0000000603800000| PB 0x0000000603800000| Untracked 
|  10|0x0000000603c00000, 0x0000000604000000, 0x0000000604000000|100%| O|  |TAMS 0x0000000603c00000| PB 0x0000000603c00000| Untracked 
|  11|0x0000000604000000, 0x0000000604400000, 0x0000000604400000|100%| O|Cm|TAMS 0x0000000604000000| PB 0x0000000604000000| Complete 
|  12|0x0000000604400000, 0x0000000604800000, 0x0000000604800000|100%| O|  |TAMS 0x0000000604400000| PB 0x0000000604400000| Untracked 
|  13|0x0000000604800000, 0x000000060481bb28, 0x0000000604c00000|  2%| O|  |TAMS 0x0000000604800000| PB 0x0000000604800000| Untracked 
|  14|0x0000000604c00000, 0x0000000604c00000, 0x0000000605000000|  0%| F|  |TAMS 0x0000000604c00000| PB 0x0000000604c00000| Untracked 
|  15|0x0000000605000000, 0x0000000605000000, 0x0000000605400000|  0%| F|  |TAMS 0x0000000605000000| PB 0x0000000605000000| Untracked 
|  16|0x0000000605400000, 0x0000000605400000, 0x0000000605800000|  0%| F|  |TAMS 0x0000000605400000| PB 0x0000000605400000| Untracked 
|  17|0x0000000605800000, 0x0000000605800000, 0x0000000605c00000|  0%| F|  |TAMS 0x0000000605800000| PB 0x0000000605800000| Untracked 
|  18|0x0000000605c00000, 0x0000000605c00000, 0x0000000606000000|  0%| F|  |TAMS 0x0000000605c00000| PB 0x0000000605c00000| Untracked 
|  19|0x0000000606000000, 0x0000000606000000, 0x0000000606400000|  0%| F|  |TAMS 0x0000000606000000| PB 0x0000000606000000| Untracked 
|  20|0x0000000606400000, 0x0000000606400000, 0x0000000606800000|  0%| F|  |TAMS 0x0000000606400000| PB 0x0000000606400000| Untracked 
|  21|0x0000000606800000, 0x0000000606800000, 0x0000000606c00000|  0%| F|  |TAMS 0x0000000606800000| PB 0x0000000606800000| Untracked 
|  22|0x0000000606c00000, 0x0000000606c00000, 0x0000000607000000|  0%| F|  |TAMS 0x0000000606c00000| PB 0x0000000606c00000| Untracked 
|  23|0x0000000607000000, 0x0000000607000000, 0x0000000607400000|  0%| F|  |TAMS 0x0000000607000000| PB 0x0000000607000000| Untracked 
|  24|0x0000000607400000, 0x0000000607400000, 0x0000000607800000|  0%| F|  |TAMS 0x0000000607400000| PB 0x0000000607400000| Untracked 
|  25|0x0000000607800000, 0x0000000607800000, 0x0000000607c00000|  0%| F|  |TAMS 0x0000000607800000| PB 0x0000000607800000| Untracked 
|  26|0x0000000607c00000, 0x0000000607c00000, 0x0000000608000000|  0%| F|  |TAMS 0x0000000607c00000| PB 0x0000000607c00000| Untracked 
|  27|0x0000000608000000, 0x0000000608000000, 0x0000000608400000|  0%| F|  |TAMS 0x0000000608000000| PB 0x0000000608000000| Untracked 
|  28|0x0000000608400000, 0x0000000608400000, 0x0000000608800000|  0%| F|  |TAMS 0x0000000608400000| PB 0x0000000608400000| Untracked 
|  29|0x0000000608800000, 0x0000000608800000, 0x0000000608c00000|  0%| F|  |TAMS 0x0000000608800000| PB 0x0000000608800000| Untracked 
|  30|0x0000000608c00000, 0x0000000608c00000, 0x0000000609000000|  0%| F|  |TAMS 0x0000000608c00000| PB 0x0000000608c00000| Untracked 
|  31|0x0000000609000000, 0x00000006090bf328, 0x0000000609400000| 18%| S|CS|TAMS 0x0000000609000000| PB 0x0000000609000000| Complete 
|  32|0x0000000609400000, 0x0000000609800000, 0x0000000609800000|100%| S|CS|TAMS 0x0000000609400000| PB 0x0000000609400000| Complete 
|  33|0x0000000609800000, 0x0000000609c00000, 0x0000000609c00000|100%| S|CS|TAMS 0x0000000609800000| PB 0x0000000609800000| Complete 
|  34|0x0000000609c00000, 0x0000000609c00000, 0x000000060a000000|  0%| F|  |TAMS 0x0000000609c00000| PB 0x0000000609c00000| Untracked 
|  35|0x000000060a000000, 0x000000060a000000, 0x000000060a400000|  0%| F|  |TAMS 0x000000060a000000| PB 0x000000060a000000| Untracked 
|  36|0x000000060a400000, 0x000000060a400000, 0x000000060a800000|  0%| F|  |TAMS 0x000000060a400000| PB 0x000000060a400000| Untracked 
|  37|0x000000060a800000, 0x000000060a800000, 0x000000060ac00000|  0%| F|  |TAMS 0x000000060a800000| PB 0x000000060a800000| Untracked 
|  38|0x000000060ac00000, 0x000000060ac00000, 0x000000060b000000|  0%| F|  |TAMS 0x000000060ac00000| PB 0x000000060ac00000| Untracked 
|  39|0x000000060b000000, 0x000000060b000000, 0x000000060b400000|  0%| F|  |TAMS 0x000000060b000000| PB 0x000000060b000000| Untracked 
|  40|0x000000060b400000, 0x000000060b400000, 0x000000060b800000|  0%| F|  |TAMS 0x000000060b400000| PB 0x000000060b400000| Untracked 
|  41|0x000000060b800000, 0x000000060b800000, 0x000000060bc00000|  0%| F|  |TAMS 0x000000060b800000| PB 0x000000060b800000| Untracked 
|  42|0x000000060bc00000, 0x000000060bc00000, 0x000000060c000000|  0%| F|  |TAMS 0x000000060bc00000| PB 0x000000060bc00000| Untracked 
|  43|0x000000060c000000, 0x000000060c000000, 0x000000060c400000|  0%| F|  |TAMS 0x000000060c000000| PB 0x000000060c000000| Untracked 
|  44|0x000000060c400000, 0x000000060c400000, 0x000000060c800000|  0%| F|  |TAMS 0x000000060c400000| PB 0x000000060c400000| Untracked 
|  45|0x000000060c800000, 0x000000060c800000, 0x000000060cc00000|  0%| F|  |TAMS 0x000000060c800000| PB 0x000000060c800000| Untracked 
|  46|0x000000060cc00000, 0x000000060cd79db0, 0x000000060d000000| 36%| E|  |TAMS 0x000000060cc00000| PB 0x000000060cc00000| Complete 
|  47|0x000000060d000000, 0x000000060d400000, 0x000000060d400000|100%| E|  |TAMS 0x000000060d000000| PB 0x000000060d000000| Complete 
|  48|0x000000060d400000, 0x000000060d800000, 0x000000060d800000|100%| E|CS|TAMS 0x000000060d400000| PB 0x000000060d400000| Complete 
| 127|0x0000000621000000, 0x0000000621400000, 0x0000000621400000|100%| E|CS|TAMS 0x0000000621000000| PB 0x0000000621000000| Complete 

Card table byte_map: [0x000001cc8fa20000,0x000001cc90a20000] _byte_map_base: 0x000001cc8ca16000

Marking Bits: (CMBitMap*) 0x000001cc8334d9b0
 Bits: [0x000001cc90a20000, 0x000001cc989d0000)

Polling page: 0x000001cc81010000

Metaspace:

Usage:
  Non-class:     69.65 MB used.
      Class:     11.27 MB used.
       Both:     80.92 MB used.

Virtual space:
  Non-class space:      128.00 MB reserved,      70.25 MB ( 55%) committed,  2 nodes.
      Class space:        1.00 GB reserved,      11.69 MB (  1%) committed,  1 nodes.
             Both:        1.12 GB reserved,      81.94 MB (  7%) committed. 

Chunk freelists:
   Non-Class:  9.18 MB
       Class:  4.41 MB
        Both:  13.60 MB

MaxMetaspaceSize: unlimited
CompressedClassSpaceSize: 1.00 GB
Initial GC threshold: 21.00 MB
Current GC threshold: 136.56 MB
CDS: on
 - commit_granule_bytes: 65536.
 - commit_granule_words: 8192.
 - virtual_space_node_default_size: 8388608.
 - enlarge_chunks_in_place: 1.
 - use_allocation_guard: 0.


Internal statistics:

num_allocs_failed_limit: 6.
num_arena_births: 1124.
num_arena_deaths: 322.
num_vsnodes_births: 3.
num_vsnodes_deaths: 0.
num_space_committed: 1310.
num_space_uncommitted: 0.
num_chunks_returned_to_freelist: 364.
num_chunks_taken_from_freelist: 3999.
num_chunk_merges: 91.
num_chunk_splits: 2954.
num_chunks_enlarged: 2396.
num_inconsistent_stats: 0.

CodeCache: size=49152Kb used=15461Kb max_used=17615Kb free=33690Kb
 bounds [0x000001cc8b6f0000, 0x000001cc8c890000, 0x000001cc8e6f0000]
 total_blobs=8955 nmethods=8204 adapters=674
 compilation: enabled
              stopped_count=0, restarted_count=0
 full_count=0

Compilation events (20 events):
Event: 1829.502 Thread 0x000001cc9b7ce490 8878       1       sun.util.calendar.Gregorian$Date::<init> (6 bytes)
Event: 1829.502 Thread 0x000001cce16ae220 8877       1       sun.util.calendar.Gregorian::newCalendarDate (9 bytes)
Event: 1829.502 Thread 0x000001cce1496d30 8879       1       sun.util.calendar.BaseCalendar$Date::<init> (32 bytes)
Event: 1829.502 Thread 0x000001cce16ae220 nmethod 8877 0x000001cc8bb01d10 code [0x000001cc8bb01ec0, 0x000001cc8bb02028]
Event: 1829.502 Thread 0x000001cce1496d30 nmethod 8879 0x000001cc8bacc290 code [0x000001cc8bacc420, 0x000001cc8bacc568]
Event: 1829.502 Thread 0x000001cce16ae220 8880       1       sun.util.calendar.CalendarDate::<init> (16 bytes)
Event: 1829.502 Thread 0x000001cc9b7ce490 nmethod 8878 0x000001cc8bade790 code [0x000001cc8bade920, 0x000001cc8badea68]
Event: 1829.502 Thread 0x000001cce1496d30 8881       1       org.apache.catalina.connector.Response::setHeader (70 bytes)
Event: 1829.502 Thread 0x000001cce16ae220 nmethod 8880 0x000001cc8bae2190 code [0x000001cc8bae2320, 0x000001cc8bae2440]
Event: 1829.502 Thread 0x000001cce1496d30 nmethod 8881 0x000001cc8bcb3d90 code [0x000001cc8bcb3f80, 0x000001cc8bcb4390]
Event: 1829.586 Thread 0x000001cce1496d30 8882       1       com.vaadin.flow.server.communication.rpc.PublishedServerEventHandlerRpcHandler$$Lambda/0x000001cc9db2a798::test (16 bytes)
Event: 1829.586 Thread 0x000001cce16ae220 8883       1       com.vaadin.flow.server.communication.rpc.PublishedServerEventHandlerRpcHandler::lambda$getDecoder$2 (9 bytes)
Event: 1829.586 Thread 0x000001cce1496d30 nmethod 8882 0x000001cc8bb0c410 code [0x000001cc8bb0c5c0, 0x000001cc8bb0c740]
Event: 1829.586 Thread 0x000001cce16ae220 nmethod 8883 0x000001cc8bae6410 code [0x000001cc8bae65c0, 0x000001cc8bae66b0]
Event: 1829.586 Thread 0x000001cce16ae220 8884       1       com.vaadin.flow.internal.nodefeature.ElementAttributeMap::get (82 bytes)
Event: 1829.587 Thread 0x000001cce16ae220 nmethod 8884 0x000001cc8bace590 code [0x000001cc8bace780, 0x000001cc8baceb40]
Event: 1829.587 Thread 0x000001cce16ae220 8885       1       com.vaadin.flow.internal.nodefeature.AbstractPropertyMap::<init> (6 bytes)
Event: 1829.588 Thread 0x000001cce16ae220 nmethod 8885 0x000001cc8bc23a10 code [0x000001cc8bc23bc0, 0x000001cc8bc23d88]
Event: 1865.162 Thread 0x000001cc9b7ce490 8886       1       ch.qos.logback.classic.Logger::debug (16 bytes)
Event: 1865.162 Thread 0x000001cc9b7ce490 nmethod 8886 0x000001cc8baf1010 code [0x000001cc8baf11c0, 0x000001cc8baf12f0]

GC Heap History (20 events):
Event: 2.382 GC heap before
{Heap before GC invocations=12 (full 0):
 garbage-first heap   total 110592K, used 86533K [0x0000000601400000, 0x0000000800000000)
  region size 4096K, 16 young (65536K), 2 survivors (8192K)
 Metaspace       used 33696K, committed 34240K, reserved 1114112K
  class space    used 4562K, committed 4800K, reserved 1048576K
}
Event: 2.388 GC heap after
{Heap after GC invocations=13 (full 0):
 garbage-first heap   total 110592K, used 35621K [0x0000000601400000, 0x0000000800000000)
  region size 4096K, 2 young (8192K), 2 survivors (8192K)
 Metaspace       used 33696K, committed 34240K, reserved 1114112K
  class space    used 4562K, committed 4800K, reserved 1048576K
}
Event: 2.463 GC heap before
{Heap before GC invocations=13 (full 0):
 garbage-first heap   total 110592K, used 88869K [0x0000000601400000, 0x0000000800000000)
  region size 4096K, 15 young (61440K), 2 survivors (8192K)
 Metaspace       used 33696K, committed 34240K, reserved 1114112K
  class space    used 4562K, committed 4800K, reserved 1048576K
}
Event: 2.468 GC heap after
{Heap after GC invocations=14 (full 0):
 garbage-first heap   total 319488K, used 40753K [0x0000000601400000, 0x0000000800000000)
  region size 4096K, 2 young (8192K), 2 survivors (8192K)
 Metaspace       used 33696K, committed 34240K, reserved 1114112K
  class space    used 4562K, committed 4800K, reserved 1048576K
}
Event: 2.992 GC heap before
{Heap before GC invocations=14 (full 0):
 garbage-first heap   total 319488K, used 220977K [0x0000000601400000, 0x0000000800000000)
  region size 4096K, 46 young (188416K), 2 survivors (8192K)
 Metaspace       used 33812K, committed 34304K, reserved 1114112K
  class space    used 4578K, committed 4800K, reserved 1048576K
}
Event: 2.996 GC heap after
{Heap after GC invocations=15 (full 0):
 garbage-first heap   total 319488K, used 47652K [0x0000000601400000, 0x0000000800000000)
  region size 4096K, 3 young (12288K), 3 survivors (12288K)
 Metaspace       used 33812K, committed 34304K, reserved 1114112K
  class space    used 4578K, committed 4800K, reserved 1048576K
}
Event: 3.851 GC heap before
{Heap before GC invocations=15 (full 0):
 garbage-first heap   total 319488K, used 223780K [0x0000000601400000, 0x0000000800000000)
  region size 4096K, 46 young (188416K), 3 survivors (12288K)
 Metaspace       used 40594K, committed 41152K, reserved 1114112K
  class space    used 5424K, committed 5696K, reserved 1048576K
}
Event: 3.856 GC heap after
{Heap after GC invocations=16 (full 0):
 garbage-first heap   total 319488K, used 49704K [0x0000000601400000, 0x0000000800000000)
  region size 4096K, 4 young (16384K), 4 survivors (16384K)
 Metaspace       used 40594K, committed 41152K, reserved 1114112K
  class space    used 5424K, committed 5696K, reserved 1048576K
}
Event: 4.164 GC heap before
{Heap before GC invocations=16 (full 0):
 garbage-first heap   total 319488K, used 221736K [0x0000000601400000, 0x0000000800000000)
  region size 4096K, 46 young (188416K), 4 survivors (16384K)
 Metaspace       used 44840K, committed 45440K, reserved 1114112K
  class space    used 6058K, committed 6336K, reserved 1048576K
}
Event: 4.168 GC heap after
{Heap after GC invocations=17 (full 0):
 garbage-first heap   total 319488K, used 51324K [0x0000000601400000, 0x0000000800000000)
  region size 4096K, 3 young (12288K), 3 survivors (12288K)
 Metaspace       used 44840K, committed 45440K, reserved 1114112K
  class space    used 6058K, committed 6336K, reserved 1048576K
}
Event: 5.016 GC heap before
{Heap before GC invocations=17 (full 0):
 garbage-first heap   total 319488K, used 174204K [0x0000000601400000, 0x0000000800000000)
  region size 4096K, 34 young (139264K), 3 survivors (12288K)
 Metaspace       used 55968K, committed 56576K, reserved 1114112K
  class space    used 7575K, committed 7872K, reserved 1048576K
}
Event: 5.020 GC heap after
{Heap after GC invocations=18 (full 0):
 garbage-first heap   total 319488K, used 53419K [0x0000000601400000, 0x0000000800000000)
  region size 4096K, 4 young (16384K), 4 survivors (16384K)
 Metaspace       used 55968K, committed 56576K, reserved 1114112K
  class space    used 7575K, committed 7872K, reserved 1048576K
}
Event: 5.556 GC heap before
{Heap before GC invocations=19 (full 0):
 garbage-first heap   total 204800K, used 159915K [0x0000000601400000, 0x0000000800000000)
  region size 4096K, 30 young (122880K), 4 survivors (16384K)
 Metaspace       used 65829K, committed 66496K, reserved 1114112K
  class space    used 9172K, committed 9472K, reserved 1048576K
}
Event: 5.560 GC heap after
{Heap after GC invocations=20 (full 0):
 garbage-first heap   total 204800K, used 53535K [0x0000000601400000, 0x0000000800000000)
  region size 4096K, 3 young (12288K), 3 survivors (12288K)
 Metaspace       used 65829K, committed 66496K, reserved 1114112K
  class space    used 9172K, committed 9472K, reserved 1048576K
}
Event: 6.507 GC heap before
{Heap before GC invocations=20 (full 0):
 garbage-first heap   total 204800K, used 164127K [0x0000000601400000, 0x0000000800000000)
  region size 4096K, 30 young (122880K), 3 survivors (12288K)
 Metaspace       used 74410K, committed 75136K, reserved 1114112K
  class space    used 10333K, committed 10624K, reserved 1048576K
}
Event: 6.514 GC heap after
{Heap after GC invocations=21 (full 0):
 garbage-first heap   total 204800K, used 58380K [0x0000000601400000, 0x0000000800000000)
  region size 4096K, 4 young (16384K), 4 survivors (16384K)
 Metaspace       used 74410K, committed 75136K, reserved 1114112K
  class space    used 10333K, committed 10624K, reserved 1048576K
}
Event: 38.199 GC heap before
{Heap before GC invocations=21 (full 0):
 garbage-first heap   total 204800K, used 160780K [0x0000000601400000, 0x0000000800000000)
  region size 4096K, 30 young (122880K), 4 survivors (16384K)
 Metaspace       used 83121K, committed 83904K, reserved 1179648K
  class space    used 11602K, committed 11968K, reserved 1048576K
}
Event: 38.206 GC heap after
{Heap after GC invocations=22 (full 0):
 garbage-first heap   total 204800K, used 61701K [0x0000000601400000, 0x0000000800000000)
  region size 4096K, 3 young (12288K), 3 survivors (12288K)
 Metaspace       used 83121K, committed 83904K, reserved 1179648K
  class space    used 11602K, committed 11968K, reserved 1048576K
}
Event: 1775.998 GC heap before
{Heap before GC invocations=22 (full 0):
 garbage-first heap   total 204800K, used 123141K [0x0000000601400000, 0x0000000800000000)
  region size 4096K, 19 young (77824K), 3 survivors (12288K)
 Metaspace       used 83129K, committed 83904K, reserved 1179648K
  class space    used 11608K, committed 11968K, reserved 1048576K
}
Event: 1776.004 GC heap after
{Heap after GC invocations=23 (full 0):
 garbage-first heap   total 204800K, used 62315K [0x0000000601400000, 0x0000000800000000)
  region size 4096K, 3 young (12288K), 3 survivors (12288K)
 Metaspace       used 83129K, committed 83904K, reserved 1179648K
  class space    used 11608K, committed 11968K, reserved 1048576K
}

Dll operation events (13 events):
Event: 0.007 Loaded shared library C:\Program Files\Java\jdk-21.0.1\bin\java.dll
Event: 0.204 Loaded shared library C:\Program Files\Java\jdk-21.0.1\bin\zip.dll
Event: 0.207 Loaded shared library C:\Program Files\Java\jdk-21.0.1\bin\instrument.dll
Event: 0.211 Loaded shared library C:\Program Files\Java\jdk-21.0.1\bin\net.dll
Event: 0.212 Loaded shared library C:\Program Files\Java\jdk-21.0.1\bin\nio.dll
Event: 0.214 Loaded shared library C:\Program Files\Java\jdk-21.0.1\bin\zip.dll
Event: 0.333 Loaded shared library C:\Program Files\Java\jdk-21.0.1\bin\jimage.dll
Event: 0.360 Loaded shared library C:\Program Files\Java\jdk-21.0.1\bin\management.dll
Event: 0.366 Loaded shared library C:\Program Files\Java\jdk-21.0.1\bin\management_ext.dll
Event: 0.485 Loaded shared library C:\Program Files\Java\jdk-21.0.1\bin\extnet.dll
Event: 0.503 Loaded shared library C:\Program Files\Java\jdk-21.0.1\bin\verify.dll
Event: 1.186 Loaded shared library C:\Program Files\Java\jdk-21.0.1\bin\sunmscapi.dll
Event: 3.432 Loaded shared library C:\Users\richa\AppData\Local\Temp\jna-108507909\jna3142065772613787947.dll

Deoptimization events (20 events):
Event: 1829.103 Thread 0x000001cce49f1700 DEOPT PACKING pc=0x000001cc8bbb6fac sp=0x0000002aa8dfbbe0
Event: 1829.103 Thread 0x000001cce49f1700 DEOPT UNPACKING pc=0x000001cc8b744e42 sp=0x0000002aa8dfb088 mode 1
Event: 1829.104 Thread 0x000001cce49f1700 DEOPT PACKING pc=0x000001cc8bbccfd9 sp=0x0000002aa8dfc580
Event: 1829.104 Thread 0x000001cce49f1700 DEOPT UNPACKING pc=0x000001cc8b744e42 sp=0x0000002aa8dfb9d8 mode 1
Event: 1829.104 Thread 0x000001cce49f1700 DEOPT PACKING pc=0x000001cc8bbb6fac sp=0x0000002aa8dfc610
Event: 1829.104 Thread 0x000001cce49f1700 DEOPT UNPACKING pc=0x000001cc8b744e42 sp=0x0000002aa8dfbac8 mode 1
Event: 1829.104 Thread 0x000001cce49f1700 DEOPT PACKING pc=0x000001cc8bbccfd9 sp=0x0000002aa8dfc580
Event: 1829.104 Thread 0x000001cce49f1700 DEOPT UNPACKING pc=0x000001cc8b744e42 sp=0x0000002aa8dfb9d8 mode 1
Event: 1829.104 Thread 0x000001cce49f1700 DEOPT PACKING pc=0x000001cc8bbb6fac sp=0x0000002aa8dfc610
Event: 1829.104 Thread 0x000001cce49f1700 DEOPT UNPACKING pc=0x000001cc8b744e42 sp=0x0000002aa8dfbac8 mode 1
Event: 1829.104 Thread 0x000001cce49f1700 DEOPT PACKING pc=0x000001cc8bbccfd9 sp=0x0000002aa8dfc580
Event: 1829.104 Thread 0x000001cce49f1700 DEOPT UNPACKING pc=0x000001cc8b744e42 sp=0x0000002aa8dfb9d8 mode 1
Event: 1829.104 Thread 0x000001cce49f1700 DEOPT PACKING pc=0x000001cc8bbb6fac sp=0x0000002aa8dfc610
Event: 1829.104 Thread 0x000001cce49f1700 DEOPT UNPACKING pc=0x000001cc8b744e42 sp=0x0000002aa8dfbac8 mode 1
Event: 1829.173 Thread 0x000001cce49f3e60 DEOPT PACKING pc=0x000001cc8bbccfd9 sp=0x0000002aa92fd860
Event: 1829.173 Thread 0x000001cce49f3e60 DEOPT UNPACKING pc=0x000001cc8b744e42 sp=0x0000002aa92fccb8 mode 1
Event: 1829.173 Thread 0x000001cce49f3e60 DEOPT PACKING pc=0x000001cc8bbb6fac sp=0x0000002aa92fd8f0
Event: 1829.173 Thread 0x000001cce49f3e60 DEOPT UNPACKING pc=0x000001cc8b744e42 sp=0x0000002aa92fcd98 mode 1
Event: 1867.230 Thread 0x000001cce49f3e60 DEOPT PACKING pc=0x000001cc8baae134 sp=0x0000002aa92fad10
Event: 1867.230 Thread 0x000001cce49f3e60 DEOPT UNPACKING pc=0x000001cc8b744e42 sp=0x0000002aa92fa1c8 mode 0

Classes loaded (20 events):
Event: 7.627 Loading class java/util/stream/ReduceOps$CountingSink$OfRef
Event: 7.627 Loading class java/util/stream/ReduceOps$CountingSink$OfRef done
Event: 7.880 Loading class java/util/stream/IntPipeline$1
Event: 7.880 Loading class java/util/stream/IntPipeline$1 done
Event: 7.880 Loading class java/util/stream/IntPipeline$1$1
Event: 7.880 Loading class java/util/stream/IntPipeline$1$1 done
Event: 7.906 Loading class java/util/stream/Streams$RangeIntSpliterator
Event: 7.906 Loading class java/util/stream/Streams$RangeIntSpliterator done
Event: 7.908 Loading class java/util/stream/SpinedBuffer$1Splitr
Event: 7.908 Loading class java/util/stream/SpinedBuffer$1Splitr done
Event: 7.921 Loading class java/util/stream/SliceOps
Event: 7.921 Loading class java/util/stream/SliceOps done
Event: 7.921 Loading class java/util/stream/SliceOps$1
Event: 7.921 Loading class java/util/stream/SliceOps$1 done
Event: 7.922 Loading class java/util/stream/SliceOps$1$1
Event: 7.922 Loading class java/util/stream/SliceOps$1$1 done
Event: 15.035 Loading class sun/nio/cs/US_ASCII$Decoder
Event: 15.035 Loading class sun/nio/cs/US_ASCII$Decoder done
Event: 16.282 Loading class java/text/FieldPosition$Delegate
Event: 16.282 Loading class java/text/FieldPosition$Delegate done

Classes unloaded (20 events):
Event: 1776.021 Thread 0x000001cc98bc4f20 Unloading class 0x000001cc9d0c0800 'java/lang/invoke/LambdaForm$MH+0x000001cc9d0c0800'
Event: 1776.021 Thread 0x000001cc98bc4f20 Unloading class 0x000001cc9d0c0400 'java/lang/invoke/LambdaForm$DMH+0x000001cc9d0c0400'
Event: 1776.021 Thread 0x000001cc98bc4f20 Unloading class 0x000001cc9d0c0000 'java/lang/invoke/LambdaForm$DMH+0x000001cc9d0c0000'
Event: 1776.021 Thread 0x000001cc98bc4f20 Unloading class 0x000001cc9d00b800 'java/lang/invoke/LambdaForm$MH+0x000001cc9d00b800'
Event: 1776.021 Thread 0x000001cc98bc4f20 Unloading class 0x000001cc9d00ac00 'java/lang/invoke/LambdaForm$MH+0x000001cc9d00ac00'
Event: 1776.021 Thread 0x000001cc98bc4f20 Unloading class 0x000001cc9d00a800 'java/lang/invoke/LambdaForm$MH+0x000001cc9d00a800'
Event: 1776.021 Thread 0x000001cc98bc4f20 Unloading class 0x000001cc9d00a400 'java/lang/invoke/LambdaForm$MH+0x000001cc9d00a400'
Event: 1776.021 Thread 0x000001cc98bc4f20 Unloading class 0x000001cc9d009c00 'java/lang/invoke/LambdaForm$MH+0x000001cc9d009c00'
Event: 1776.021 Thread 0x000001cc98bc4f20 Unloading class 0x000001cc9d009000 'java/lang/invoke/LambdaForm$MH+0x000001cc9d009000'
Event: 1776.021 Thread 0x000001cc98bc4f20 Unloading class 0x000001cc9d008000 'java/lang/invoke/LambdaForm$MH+0x000001cc9d008000'
Event: 1776.021 Thread 0x000001cc98bc4f20 Unloading class 0x000001cc9d007c00 'java/lang/invoke/LambdaForm$MH+0x000001cc9d007c00'
Event: 1776.021 Thread 0x000001cc98bc4f20 Unloading class 0x000001cc9d007400 'java/lang/invoke/LambdaForm$MH+0x000001cc9d007400'
Event: 1776.021 Thread 0x000001cc98bc4f20 Unloading class 0x000001cc9d006c00 'java/lang/invoke/LambdaForm$MH+0x000001cc9d006c00'
Event: 1776.021 Thread 0x000001cc98bc4f20 Unloading class 0x000001cc9d006400 'java/lang/invoke/LambdaForm$MH+0x000001cc9d006400'
Event: 1776.021 Thread 0x000001cc98bc4f20 Unloading class 0x000001cc9d005c00 'java/lang/invoke/LambdaForm$MH+0x000001cc9d005c00'
Event: 1776.021 Thread 0x000001cc98bc4f20 Unloading class 0x000001cc9d005400 'java/lang/invoke/LambdaForm$MH+0x000001cc9d005400'
Event: 1776.021 Thread 0x000001cc98bc4f20 Unloading class 0x000001cc9d004000 'java/lang/invoke/LambdaForm$MH+0x000001cc9d004000'
Event: 1776.021 Thread 0x000001cc98bc4f20 Unloading class 0x000001cc9d003c00 'java/lang/invoke/LambdaForm$MH+0x000001cc9d003c00'
Event: 1776.021 Thread 0x000001cc98bc4f20 Unloading class 0x000001cc9d003800 'java/lang/invoke/LambdaForm$MH+0x000001cc9d003800'
Event: 1776.021 Thread 0x000001cc98bc4f20 Unloading class 0x000001cc9d003400 'java/lang/invoke/LambdaForm$MH+0x000001cc9d003400'

Classes redefined (8 events):
Event: 36.297 Thread 0x000001cc98bc4f20 redefined class name=com.iu.JaWa.ui.ArticleUi, count=1
Event: 210.912 Thread 0x000001cc98bc4f20 redefined class name=com.iu.JaWa.ui.ArticleUi, count=2
Event: 352.714 Thread 0x000001cc98bc4f20 redefined class name=com.iu.JaWa.service.ArticleService, count=1
Event: 352.714 Thread 0x000001cc98bc4f20 redefined class name=com.iu.JaWa.ui.ArticleUi, count=3
Event: 354.862 Thread 0x000001cc98bc4f20 redefined class name=com.iu.JaWa.ui.ArticleUi, count=4
Event: 1584.938 Thread 0x000001cc98bc4f20 redefined class name=com.iu.JaWa.ui.ArticleUi, count=5
Event: 1745.881 Thread 0x000001cc98bc4f20 redefined class name=com.iu.JaWa.ui.ArticleUi, count=6
Event: 1867.246 Thread 0x000001cc98bc4f20 redefined class name=com.iu.JaWa.ui.ArticleUi, count=7

Internal exceptions (20 events):
Event: 7.875 Thread 0x000001cce49f3e60 Exception <a 'java/lang/NoSuchMethodError'{0x000000060a0c5b10}: 'void java.lang.invoke.DirectMethodHandle$Holder.invokeVirtual(java.lang.Object, java.lang.Object, java.lang.Object, java.lang.Object, java.lang.Object, java.lang.Object, java.lang.Object)'> (0x000000060a0c5b10) 
thrown [s\open\src\hotspot\share\interpreter\linkResolver.cpp, line 773]
Event: 7.875 Thread 0x000001cce49f3e60 Exception <a 'java/lang/NoSuchMethodError'{0x000000060a0c9aa8}: 'void java.lang.invoke.DelegatingMethodHandle$Holder.reinvoke_L(java.lang.Object, java.lang.Object, java.lang.Object, java.lang.Object, java.lang.Object, java.lang.Object, java.lang.Object)'> (0x000000060a0c9aa8) 
thrown [s\open\src\hotspot\share\interpreter\linkResolver.cpp, line 773]
Event: 7.880 Thread 0x000001cce49f3e60 Exception <a 'java/lang/NoSuchMethodError'{0x000000060a190138}: 'java.lang.Object java.lang.invoke.DirectMethodHandle$Holder.invokeVirtual(java.lang.Object, java.lang.Object, int)'> (0x000000060a190138) 
thrown [s\open\src\hotspot\share\interpreter\linkResolver.cpp, line 773]
Event: 7.902 Thread 0x000001cce49f3e60 Exception <a 'java/lang/NoSuchMethodError'{0x0000000609c034b8}: 'void java.lang.invoke.DirectMethodHandle$Holder.invokeStatic(java.lang.Object, java.lang.Object, java.lang.Object, int)'> (0x0000000609c034b8) 
thrown [s\open\src\hotspot\share\interpreter\linkResolver.cpp, line 773]
Event: 7.906 Thread 0x000001cce49f3e60 Exception <a 'java/lang/IncompatibleClassChangeError'{0x0000000609c6d918}: Found class java.lang.Object, but interface was expected> (0x0000000609c6d918) 
thrown [s\open\src\hotspot\share\interpreter\linkResolver.cpp, line 840]
Event: 7.911 Thread 0x000001cce49f3e60 Exception <a 'java/lang/NoSuchMethodError'{0x0000000609cf9778}: 'java.lang.Object java.lang.invoke.DirectMethodHandle$Holder.invokeVirtual(java.lang.Object, java.lang.Object, java.lang.Object, double)'> (0x0000000609cf9778) 
thrown [s\open\src\hotspot\share\interpreter\linkResolver.cpp, line 773]
Event: 7.912 Thread 0x000001cce49f3e60 Exception <a 'java/lang/NoSuchMethodError'{0x0000000609d084a8}: 'java.lang.Object java.lang.invoke.DirectMethodHandle$Holder.invokeVirtual(java.lang.Object, java.lang.Object, java.lang.Object, int)'> (0x0000000609d084a8) 
thrown [s\open\src\hotspot\share\interpreter\linkResolver.cpp, line 773]
Event: 7.912 Thread 0x000001cce49f3e60 Exception <a 'java/lang/NoSuchMethodError'{0x0000000609d0fd50}: 'int java.lang.invoke.DirectMethodHandle$Holder.invokeVirtual(java.lang.Object, java.lang.Object, java.lang.Object, int)'> (0x0000000609d0fd50) 
thrown [s\open\src\hotspot\share\interpreter\linkResolver.cpp, line 773]
Event: 7.912 Thread 0x000001cce49f3e60 Exception <a 'java/lang/NoSuchMethodError'{0x0000000609d1e6b8}: 'java.lang.Object java.lang.invoke.DirectMethodHandle$Holder.invokeStaticInit(java.lang.Object, java.lang.Object, java.lang.Object, java.lang.Object, java.lang.Object)'> (0x0000000609d1e6b8) 
thrown [s\open\src\hotspot\share\interpreter\linkResolver.cpp, line 773]
Event: 7.912 Thread 0x000001cce49f3e60 Exception <a 'java/lang/NoSuchMethodError'{0x0000000609d262e0}: 'void java.lang.invoke.DirectMethodHandle$Holder.invokeStaticInit(java.lang.Object, java.lang.Object, java.lang.Object, java.lang.Object)'> (0x0000000609d262e0) 
thrown [s\open\src\hotspot\share\interpreter\linkResolver.cpp, line 773]
Event: 14.874 Thread 0x000001cce49f3e60 Exception <a 'java/lang/IncompatibleClassChangeError'{0x0000000609ab36b0}: Found class java.lang.Object, but interface was expected> (0x0000000609ab36b0) 
thrown [s\open\src\hotspot\share\interpreter\linkResolver.cpp, line 840]
Event: 14.875 Thread 0x000001cce49f3e60 Exception <a 'java/lang/IncompatibleClassChangeError'{0x0000000609ab6478}: Found class java.lang.Object, but interface was expected> (0x0000000609ab6478) 
thrown [s\open\src\hotspot\share\interpreter\linkResolver.cpp, line 840]
Event: 15.018 Thread 0x000001cce49f3e60 Exception <a 'java/lang/IncompatibleClassChangeError'{0x00000006086f9548}: Found class java.lang.Object, but interface was expected> (0x00000006086f9548) 
thrown [s\open\src\hotspot\share\interpreter\linkResolver.cpp, line 840]
Event: 16.223 Thread 0x000001cce49f1700 Exception <a 'java/lang/NoSuchMethodError'{0x0000000608144978}: 'java.lang.Object java.lang.invoke.DelegatingMethodHandle$Holder.reinvoke_L(java.lang.Object, java.lang.Object, int, int, int, int, int, int, int, int, int, int, int)'> (0x0000000608144978) 
thrown [s\open\src\hotspot\share\interpreter\linkResolver.cpp, line 773]
Event: 16.785 Thread 0x000001cce49f44f0 Exception <a 'java/lang/IncompatibleClassChangeError'{0x0000000608358b98}: Found class java.lang.Object, but interface was expected> (0x0000000608358b98) 
thrown [s\open\src\hotspot\share\interpreter\linkResolver.cpp, line 840]
Event: 16.842 Thread 0x000001cce49f2420 Exception <a 'java/lang/NoSuchMethodError'{0x000000060b70c1e0}: 'void java.lang.invoke.DirectMethodHandle$Holder.invokeSpecial(java.lang.Object, java.lang.Object, int)'> (0x000000060b70c1e0) 
thrown [s\open\src\hotspot\share\interpreter\linkResolver.cpp, line 773]
Event: 17.621 Thread 0x000001cce49f1070 Exception <a 'java/lang/NoSuchMethodError'{0x0000000607e25d30}: 'void java.lang.invoke.DirectMethodHandle$Holder.invokeSpecial(java.lang.Object, java.lang.Object, int, java.lang.Object)'> (0x0000000607e25d30) 
thrown [s\open\src\hotspot\share\interpreter\linkResolver.cpp, line 773]
Event: 19.953 Thread 0x000001cce49f37d0 Exception <a 'java/lang/NoSuchMethodError'{0x000000060782c7d8}: 'void java.lang.invoke.DelegatingMethodHandle$Holder.reinvoke_L(java.lang.Object, java.lang.Object, int, int, java.lang.Object)'> (0x000000060782c7d8) 
thrown [s\open\src\hotspot\share\interpreter\linkResolver.cpp, line 773]
Event: 213.186 Thread 0x000001cce49f1d90 Exception <a 'java/net/SocketException'{0x000000060d609c28}: Connection reset by peer: shutdown> (0x000000060d609c28) 
thrown [s\open\src\hotspot\share\prims\jni.cpp, line 539]
Event: 1776.552 Thread 0x000001cce49f8000 Exception <a 'java/lang/NoSuchMethodError'{0x000000060d4819d8}: 'void java.lang.invoke.DelegatingMethodHandle$Holder.reinvoke_L(java.lang.Object, java.lang.Object, int)'> (0x000000060d4819d8) 
thrown [s\open\src\hotspot\share\interpreter\linkResolver.cpp, line 773]

ZGC Phase Switch (0 events):
No events

VM Operations (20 events):
Event: 1857.715 Executing VM operation: get/set locals
Event: 1857.715 Executing VM operation: get/set locals done
Event: 1857.715 Executing VM operation: get/set locals
Event: 1857.715 Executing VM operation: get/set locals done
Event: 1857.716 Executing VM operation: get/set locals
Event: 1857.716 Executing VM operation: get/set locals done
Event: 1864.317 Executing VM operation: HandshakeAllThreads (HandshakeForDeflation)
Event: 1864.317 Executing VM operation: HandshakeAllThreads (HandshakeForDeflation) done
Event: 1864.317 Executing VM operation: RendezvousGCThreads
Event: 1864.317 Executing VM operation: RendezvousGCThreads done
Event: 1867.230 Executing VM operation: ChangeSingleStep
Event: 1867.230 Executing VM operation: ChangeSingleStep done
Event: 1867.230 Executing VM operation: ChangeSingleStep
Event: 1867.230 Executing VM operation: ChangeSingleStep done
Event: 1867.241 Executing VM operation: RedefineClasses
Event: 1867.260 Executing VM operation: RedefineClasses done
Event: 1867.271 Executing VM operation: ChangeBreakpoints
Event: 1867.273 Executing VM operation: ChangeBreakpoints done
Event: 1867.276 Executing VM operation: ChangeSingleStep
Event: 1867.277 Executing VM operation: ChangeSingleStep done

Events (20 events):
Event: 1829.174 Thread 0x000001cce4bee4b0 Thread added: 0x000001cce4bee4b0
Event: 1829.174 Thread 0x000001cce4bf4db0 Thread added: 0x000001cce4bf4db0
Event: 1829.175 Thread 0x000001cce4bf4720 Thread added: 0x000001cce4bf4720
Event: 1829.176 Thread 0x000001cce4bede20 Thread added: 0x000001cce4bede20
Event: 1829.177 Thread 0x000001cce4bf5440 Thread added: 0x000001cce4bf5440
Event: 1829.674 Thread 0x000001cce49f58a0 Thread exited: 0x000001cce49f58a0
Event: 1830.182 Thread 0x000001cce49f65c0 Thread exited: 0x000001cce49f65c0
Event: 1834.590 Thread 0x000001cce16ae220 Thread exited: 0x000001cce16ae220
Event: 1836.541 Thread 0x000001cce4beeb40 Thread added: 0x000001cce4beeb40
Event: 1837.353 Thread 0x000001cce4bf4090 Thread exited: 0x000001cce4bf4090
Event: 1839.595 Thread 0x000001cce1496d30 Thread exited: 0x000001cce1496d30
Event: 1859.173 Thread 0x000001cce49f4b80 Thread exited: 0x000001cce49f4b80
Event: 1859.188 Thread 0x000001cce4bf4720 Thread exited: 0x000001cce4bf4720
Event: 1859.188 Thread 0x000001cce49f5f30 Thread exited: 0x000001cce49f5f30
Event: 1859.188 Thread 0x000001cce4bf5440 Thread exited: 0x000001cce4bf5440
Event: 1859.188 Thread 0x000001cce4bede20 Thread exited: 0x000001cce4bede20
Event: 1859.188 Thread 0x000001cce4bee4b0 Thread exited: 0x000001cce4bee4b0
Event: 1859.296 Thread 0x000001cce49f8690 Thread exited: 0x000001cce49f8690
Event: 1866.545 Thread 0x000001cce4beeb40 Thread exited: 0x000001cce4beeb40
Event: 1866.546 Thread 0x000001cce4bee4b0 Thread added: 0x000001cce4bee4b0


Dynamic libraries:
0x00007ff7e2d40000 - 0x00007ff7e2d50000 	C:\Program Files\Java\jdk-21.0.1\bin\javaw.exe
0x00007ff82e310000 - 0x00007ff82e508000 	C:\Windows\SYSTEM32\ntdll.dll
0x00007ff82d250000 - 0x00007ff82d30d000 	C:\Windows\System32\KERNEL32.DLL
0x00007ff82bad0000 - 0x00007ff82bdc6000 	C:\Windows\System32\KERNELBASE.dll
0x00007ff82c070000 - 0x00007ff82c170000 	C:\Windows\System32\ucrtbase.dll
0x00007ff806ef0000 - 0x00007ff806f09000 	C:\Program Files\Java\jdk-21.0.1\bin\jli.dll
0x00007ff806220000 - 0x00007ff80623b000 	C:\Program Files\Java\jdk-21.0.1\bin\VCRUNTIME140.dll
0x00007ff82ca30000 - 0x00007ff82cae0000 	C:\Windows\System32\ADVAPI32.dll
0x00007ff82e230000 - 0x00007ff82e2ce000 	C:\Windows\System32\msvcrt.dll
0x00007ff82d860000 - 0x00007ff82d900000 	C:\Windows\System32\sechost.dll
0x00007ff82c900000 - 0x00007ff82ca23000 	C:\Windows\System32\RPCRT4.dll
0x00007ff82b9c0000 - 0x00007ff82b9e7000 	C:\Windows\System32\bcrypt.dll
0x00007ff82dc60000 - 0x00007ff82ddff000 	C:\Windows\System32\USER32.dll
0x00007ff82bdd0000 - 0x00007ff82bdf2000 	C:\Windows\System32\win32u.dll
0x00007ff81bd70000 - 0x00007ff81c00a000 	C:\Windows\WinSxS\amd64_microsoft.windows.common-controls_6595b64144ccf1df_6.0.19041.3636_none_60b6a03d71f818d5\COMCTL32.dll
0x00007ff82c460000 - 0x00007ff82c48b000 	C:\Windows\System32\GDI32.dll
0x00007ff82be00000 - 0x00007ff82bf17000 	C:\Windows\System32\gdi32full.dll
0x00007ff82bf20000 - 0x00007ff82bfbd000 	C:\Windows\System32\msvcp_win.dll
0x00007ff8243b0000 - 0x00007ff8243ba000 	C:\Windows\SYSTEM32\VERSION.dll
0x00007ff82c340000 - 0x00007ff82c372000 	C:\Windows\System32\IMM32.DLL
0x00007ff80e380000 - 0x00007ff80e38c000 	C:\Program Files\Java\jdk-21.0.1\bin\vcruntime140_1.dll
0x00007fffff380000 - 0x00007fffff40e000 	C:\Program Files\Java\jdk-21.0.1\bin\msvcp140.dll
0x00007fffee150000 - 0x00007fffeee65000 	C:\Program Files\Java\jdk-21.0.1\bin\server\jvm.dll
0x00007ff82d7f0000 - 0x00007ff82d85b000 	C:\Windows\System32\WS2_32.dll
0x00007ff82af00000 - 0x00007ff82af4b000 	C:\Windows\SYSTEM32\POWRPROF.dll
0x00007ff820fa0000 - 0x00007ff820fc7000 	C:\Windows\SYSTEM32\WINMM.dll
0x00007ff82adc0000 - 0x00007ff82add2000 	C:\Windows\SYSTEM32\UMPDC.dll
0x00007ff82a230000 - 0x00007ff82a242000 	C:\Windows\SYSTEM32\kernel.appcore.dll
0x00007ff80d2a0000 - 0x00007ff80d2aa000 	C:\Program Files\Java\jdk-21.0.1\bin\jimage.dll
0x00007ff829e70000 - 0x00007ff82a054000 	C:\Windows\SYSTEM32\DBGHELP.DLL
0x00007ff816a50000 - 0x00007ff816a84000 	C:\Windows\SYSTEM32\dbgcore.DLL
0x00007ff82b9f0000 - 0x00007ff82ba72000 	C:\Windows\System32\bcryptPrimitives.dll
0x00007ffff5ef0000 - 0x00007ffff5f2c000 	C:\Program Files\Java\jdk-21.0.1\bin\jdwp.dll
0x00007ff806f70000 - 0x00007ff806f7f000 	C:\Program Files\Java\jdk-21.0.1\bin\instrument.dll
0x00007ff806020000 - 0x00007ff80603f000 	C:\Program Files\Java\jdk-21.0.1\bin\java.dll
0x00007ff82cae0000 - 0x00007ff82d24b000 	C:\Windows\System32\SHELL32.dll
0x00007ff829610000 - 0x00007ff829dae000 	C:\Windows\SYSTEM32\windows.storage.dll
0x00007ff82d900000 - 0x00007ff82dc53000 	C:\Windows\System32\combase.dll
0x00007ff82b3f0000 - 0x00007ff82b41e000 	C:\Windows\SYSTEM32\Wldp.dll
0x00007ff82d4f0000 - 0x00007ff82d5bd000 	C:\Windows\System32\OLEAUT32.dll
0x00007ff82d6e0000 - 0x00007ff82d78d000 	C:\Windows\System32\SHCORE.dll
0x00007ff82e1d0000 - 0x00007ff82e225000 	C:\Windows\System32\shlwapi.dll
0x00007ff82b8f0000 - 0x00007ff82b913000 	C:\Windows\SYSTEM32\profapi.dll
0x00007ff806410000 - 0x00007ff80641c000 	C:\Program Files\Java\jdk-21.0.1\bin\dt_socket.dll
0x00007ff82ade0000 - 0x00007ff82ae1b000 	C:\Windows\SYSTEM32\IPHLPAPI.DLL
0x00007ff82b150000 - 0x00007ff82b1ba000 	C:\Windows\system32\mswsock.dll
0x00007ff82ae30000 - 0x00007ff82aefb000 	C:\Windows\SYSTEM32\DNSAPI.dll
0x00007ff82e0e0000 - 0x00007ff82e0e8000 	C:\Windows\System32\NSI.dll
0x00007ff81c440000 - 0x00007ff81c44a000 	C:\Windows\System32\rasadhlp.dll
0x00007ff820360000 - 0x00007ff8203e0000 	C:\Windows\System32\fwpuclnt.dll
0x00007fffff360000 - 0x00007fffff378000 	C:\Program Files\Java\jdk-21.0.1\bin\zip.dll
0x00007ff806210000 - 0x00007ff806220000 	C:\Program Files\Java\jdk-21.0.1\bin\net.dll
0x00007ff81dba0000 - 0x00007ff81dcaa000 	C:\Windows\SYSTEM32\WINHTTP.dll
0x00007fffff2f0000 - 0x00007fffff306000 	C:\Program Files\Java\jdk-21.0.1\bin\nio.dll
0x00007ff805ed0000 - 0x00007ff805eda000 	C:\Program Files\Java\jdk-21.0.1\bin\management.dll
0x00007ff805d50000 - 0x00007ff805d5b000 	C:\Program Files\Java\jdk-21.0.1\bin\management_ext.dll
0x00007ff82d4c0000 - 0x00007ff82d4c8000 	C:\Windows\System32\PSAPI.DLL
0x00007ff8021c0000 - 0x00007ff8021d7000 	C:\Windows\system32\napinsp.dll
0x00007ff8021a0000 - 0x00007ff8021bb000 	C:\Windows\system32\pnrpnsp.dll
0x00007ff826ec0000 - 0x00007ff826edd000 	C:\Windows\system32\NLAapi.dll
0x00007ff8261e0000 - 0x00007ff8261f5000 	C:\Windows\system32\wshbth.dll
0x00007ff801bd0000 - 0x00007ff801be2000 	C:\Windows\System32\winrnr.dll
0x00007ff82b350000 - 0x00007ff82b368000 	C:\Windows\SYSTEM32\CRYPTSP.dll
0x00007ff82aa00000 - 0x00007ff82aa34000 	C:\Windows\system32\rsaenh.dll
0x00007ff82b870000 - 0x00007ff82b89e000 	C:\Windows\SYSTEM32\USERENV.dll
0x00007ff82b340000 - 0x00007ff82b34c000 	C:\Windows\SYSTEM32\CRYPTBASE.dll
0x00007ff8046d0000 - 0x00007ff8046d7000 	C:\Program Files\Java\jdk-21.0.1\bin\extnet.dll
0x00007ff8022f0000 - 0x00007ff802300000 	C:\Program Files\Java\jdk-21.0.1\bin\verify.dll
0x00007ff801fb0000 - 0x00007ff801fbe000 	C:\Program Files\Java\jdk-21.0.1\bin\sunmscapi.dll
0x00007ff82c170000 - 0x00007ff82c2ce000 	C:\Windows\System32\CRYPT32.dll
0x00007ff82b460000 - 0x00007ff82b488000 	C:\Windows\SYSTEM32\ncrypt.dll
0x00007ff82b420000 - 0x00007ff82b45b000 	C:\Windows\SYSTEM32\NTASN1.dll
0x00007ffff5ea0000 - 0x00007ffff5ee5000 	C:\Users\richa\AppData\Local\Temp\jna-108507909\jna3142065772613787947.dll
0x00007ff82de10000 - 0x00007ff82df3b000 	C:\Windows\System32\Ole32.dll
0x00007ff82e030000 - 0x00007ff82e0d9000 	C:\Windows\System32\clbcatq.dll
0x00007ff81c8c0000 - 0x00007ff81c8df000 	C:\Windows\SYSTEM32\amsi.dll
0x00007ff81c830000 - 0x00007ff81c8b1000 	C:\ProgramData\Microsoft\Windows Defender\Platform\4.18.24030.9-0\MpOav.dll
0x00007ff81c010000 - 0x00007ff81c0be000 	C:\Program Files\Norton Security\Engine\22.24.2.6\symamsi.dll
0x00007ff82c2d0000 - 0x00007ff82c337000 	C:\Windows\System32\WINTRUST.dll
0x00007ff82b580000 - 0x00007ff82b592000 	C:\Windows\SYSTEM32\MSASN1.dll
0x00007ff826fd0000 - 0x00007ff826fd7000 	C:\Windows\system32\wshunix.dll

dbghelp: loaded successfully - version: 4.0.5 - missing functions: none
symbol engine: initialized successfully - sym options: 0x614 - pdb path: .;C:\Program Files\Java\jdk-21.0.1\bin;C:\Windows\SYSTEM32;C:\Windows\WinSxS\amd64_microsoft.windows.common-controls_6595b64144ccf1df_6.0.19041.3636_none_60b6a03d71f818d5;C:\Program Files\Java\jdk-21.0.1\bin\server;C:\Users\richa\AppData\Local\Temp\jna-108507909;C:\ProgramData\Microsoft\Windows Defender\Platform\4.18.24030.9-0;C:\Program Files\Norton Security\Engine\22.24.2.6

VM Arguments:
jvm_args: -XX:+ShowCodeDetailsInExceptionMessages -agentlib:jdwp=transport=dt_socket,suspend=y,address=localhost:55084 -Dcom.sun.management.jmxremote -Dcom.sun.management.jmxremote.port=55083 -Dcom.sun.management.jmxremote.authenticate=false -Dcom.sun.management.jmxremote.ssl=false -Djava.rmi.server.hostname=localhost -Dspring.jmx.enabled=true -Dspring.application.admin.enabled=true -XX:TieredStopAtLevel=1 -Dspring.boot.project.name=JaWa -javaagent:D:\Users\richa\eclipse\java-2022-06\eclipse\configuration\org.eclipse.osgi\1383\0\.cp\lib\javaagent-shaded.jar -Dfile.encoding=UTF-8 -Dstdout.encoding=UTF-8 -Dstderr.encoding=UTF-8 
java_command: com.iu.JaWa.JaWaApplication
java_class_path (initial): D:\Workspace\Java-Workspace\JaWa\target\classes;C:\Users\richa\.m2\repository\com\vaadin\vaadin-spring-boot-starter\24.3.10\vaadin-spring-boot-starter-24.3.10.jar;C:\Users\richa\.m2\repository\com\vaadin\vaadin-spring\24.3.9\vaadin-spring-24.3.9.jar;C:\Users\richa\.m2\repository\com\vaadin\flow-server\24.3.9\flow-server-24.3.9.jar;C:\Users\richa\.m2\repository\com\vaadin\servletdetector\throw-if-servlet3\1.0.2\throw-if-servlet3-1.0.2.jar;C:\Users\richa\.m2\repository\com\vaadin\external\gwt\gwt-elemental\2.8.2.vaadin2\gwt-elemental-2.8.2.vaadin2.jar;C:\Users\richa\.m2\repository\org\apache\commons\commons-fileupload2-jakarta\2.0.0-M1\commons-fileupload2-jakarta-2.0.0-M1.jar;C:\Users\richa\.m2\repository\org\apache\commons\commons-fileupload2-core\2.0.0-M1\commons-fileupload2-core-2.0.0-M1.jar;C:\Users\richa\.m2\repository\commons-io\commons-io\2.15.0\commons-io-2.15.0.jar;C:\Users\richa\.m2\repository\com\fasterxml\jackson\core\jackson-core\2.15.4\jackson-core-2.15.4.jar;C:\Users\richa\.m2\repository\com\fasterxml\jackson\core\jackson-databind\2.15.4\jackson-databind-2.15.4.jar;C:\Users\richa\.m2\repository\com\fasterxml\jackson\core\jackson-annotations\2.15.4\jackson-annotations-2.15.4.jar;C:\Users\richa\.m2\repository\com\fasterxml\jackson\datatype\jackson-datatype-jsr310\2.15.4\jackson-datatype-jsr310-2.15.4.jar;C:\Users\richa\.m2\repository\org\jsoup\jsoup\1.17.2\jsoup-1.17.2.jar;C:\Users\richa\.m2\repository\com\helger\ph-css\7.0.1\ph-css-7.0.1.jar;C:\Users\richa\.m2\repository\com\helger\commons\ph-commons\11.1.0\ph-commons-11.1.0.jar;C:\Users\richa\.m2\repository\org\ow2\asm\asm\9.6\asm-9.6.jar;C:\Users\richa\.m2\repository\com\vaadin\external\gentyref\1.2.0.vaadin1\gentyref-1.2.0.vaadin1.jar;C:\Users\richa\.m2\repository\org\apache\commons\commons-compress\1.26.1\commons-compress-1.26.1.jar;C:\Users\richa\.m2\repository\commons-codec\commons-codec\1.16.1\commons-codec-1.16.1.jar;C:\Users\richa\.m2\repository\org\apache\commons\commons-lang3\3.13.0\commons-lang3-3.13.0.jar;C:\Users\richa\.m2\repository\com\vaadin\flow-push\24.3.9\flow-push-24.3.9.jar;C:\Users\richa\.m2\repository\com\vaadin\external\atmosphere\atmosphere-runtime\3.0.5.slf4jvaadin1\atmosphere-runtime-3.0.5.slf4jvaadin1.jar;C:\Users\richa\.m2\repository\com\vaadin\flow-client\24.3.9\flow-client-24.3.9.jar;C:\Users\richa\.m2\repository\org\springframework\spring-webmvc\6.1.6\spring-webmvc-6.1.6.jar;C:\Users\richa\.m2\repository\org\springframework\spring-expression\6.1.6\spring-expression-6.1.6.jar;C:\Users\richa\.m2\repository\org\springframework\spring-websocket\6.1.6\spring-websocket-6.1.6.jar;C:\Users\richa\.m2\repository\org\hibernate\validator\hibernate-validator\8.0.1.Final\hibernate-validator-8.0.1.Final.jar;C:\Users\richa\.m2\repository\jakarta\validation\jakarta.validation-api\3.0.2\jakarta.validation-api-3.0.2.jar;C:\Users\richa\.m2\repository\org\reflections\reflections\0.10.2\reflections-0.10.2.jar;C:\Users\richa\.m2\repository\org\javassist\javassist\3.28.0-GA\javassist-3.28.0-GA.jar;C:\Users\richa\.m2\repository\com\google\code\findbugs\jsr305\3.0.2\jsr305-3.0.2.jar;C:\Users\richa\.m2\repository\com\vaadin\vaadin-core\24.3.10\vaadin-core-24.3.10.jar;C:\Users\richa\.m2\repository\com\vaadin\vaadin-core-internal\24.3.10\vaadin-core-internal-24.3.10.jar;C:\Users\richa\.m2\repository\com\vaadin\flow-lit-template\24.3.9\flow-lit-template-24.3.9.jar;C:\Users\richa\.m2\repository\com\vaadin\flow-html-components\24.3.9\flow-html-components-24.3.9.jar;C:\Users\richa\.m2\repository\com\vaadin\flow-data\24.3.9\flow-data-24.3.9.jar;C:\Users\richa\.m2\repository\com\vaadin\flow-dnd\24.3.9\flow-dnd-24.3.9.jar;C:\Users\richa\.m2\repository\com\vaadin\vaadin-lumo-theme\24.3.10\vaadin-lumo-theme-24.3.10.jar;C:\Users\richa\.m2\repository\com\vaadin\vaadin-material-theme\24.3.10\vaadin-material-theme-24.3.10.jar;C:\Users\richa\.m2\repository\com\vaadin\vaadin-accordion-flow\24.3.10\vaadin-accordion-flow-24.3.10.jar;C:\Users\richa\.m2\repository\com\vaadin\vaadin-avatar-flow\24.3.10\vaadin-avatar-flow-24.3.10.jar;C:\Users\richa\.m2\repository\com\vaadin\vaadin-flow-components-base\24.3.10\vaadin-flow-components-base-24.3.10.jar;C:\Users\richa\.m2\repository\com\vaadin\vaadin-button-flow\24.3.10\vaadin-button-flow-24.3.10.jar;C:\Users\richa\.m2\repository\com\vaadin\vaadin-checkbox-flow\24.3.10\vaadin-checkbox-flow-24.3.10.jar;C:\Users\richa\.m2\repository\com\vaadin\vaadin-combo-box-flow\24.3.10\vaadin-combo-box-flow-24.3.10.jar;C:\Users\richa\.m2\repository\com\vaadin\vaadin-confirm-dialog-flow\24.3.10\vaadin-confirm-dialog-flow-24.3.10.jar;C:\Users\richa\.m2\repository\com\vaadin\vaadin-custom-field-flow\24.3.10\vaadin-custom-field-flow-24.3.10.jar;C:\Users\richa\.m2\repository\com\vaadin\vaadin-date-picker-flow\24.3.10\vaadin-date-picker-flow-24.3.10.jar;C:\Users\richa\.m2\repository\com\vaadin\vaadin-date-time-picker-flow\24.3.10\vaadin-date-time-picker-flow-24.3.10.jar;C:\Users\richa\.m2\repository\com\vaadin\vaadin-details-flow\24.3.10\vaadin-details-flow-24.3.10.jar;C:\Users\richa\.m2\repository\com\vaadin\vaadin-time-picker-flow\24.3.10\vaadin-time-picker-flow-24.3.10.jar;C:\Users\richa\.m2\repository\com\vaadin\vaadin-select-flow\24.3.10\vaadin-select-flow-24.3.10.jar;C:\Users\richa\.m2\repository\com\vaadin\vaadin-side-nav-flow\24.3.10\vaadin-side-nav-flow-24.3.10.jar;C:\Users\richa\.m2\repository\com\vaadin\vaadin-dialog-flow\24.3.10\vaadin-dialog-flow-24.3.10.jar;C:\Users\richa\.m2\repository\com\vaadin\vaadin-form-layout-flow\24.3.10\vaadin-form-layout-flow-24.3.10.jar;C:\Users\richa\.m2\repository\com\vaadin\vaadin-field-highlighter-flow\24.3.10\vaadin-field-highlighter-flow-24.3.10.jar;C:\Users\richa\.m2\repository\com\vaadin\vaadin-grid-flow\24.3.10\vaadin-grid-flow-24.3.10.jar;C:\Users\richa\.m2\repository\com\vaadin\vaadin-icons-flow\24.3.10\vaadin-icons-flow-24.3.10.jar;C:\Users\richa\.m2\repository\com\vaadin\vaadin-virtual-list-flow\24.3.10\vaadin-virtual-list-flow-24.3.10.jar;C:\Users\richa\.m2\repository\com\vaadin\vaadin-list-box-flow\24.3.10\vaadin-list-box-flow-24.3.10.jar;C:\Users\richa\.m2\repository\com\vaadin\vaadin-login-flow\24.3.10\vaadin-login-flow-24.3.10.jar;C:\Users\richa\.m2\repository\com\vaadin\vaadin-messages-flow\24.3.10\vaadin-messages-flow-24.3.10.jar;C:\Users\richa\.m2\repository\com\vaadin\vaadin-ordered-layout-flow\24.3.10\vaadin-ordered-layout-flow-24.3.10.jar;C:\Users\richa\.m2\repository\com\vaadin\vaadin-progress-bar-flow\24.3.10\vaadin-progress-bar-flow-24.3.10.jar;C:\Users\richa\.m2\repository\com\vaadin\vaadin-radio-button-flow\24.3.10\vaadin-radio-button-flow-24.3.10.jar;C:\Users\richa\.m2\repository\com\vaadin\vaadin-renderer-flow\24.3.10\vaadin-renderer-flow-24.3.10.jar;C:\Users\richa\.m2\repository\com\vaadin\vaadin-split-layout-flow\24.3.10\vaadin-split-layout-flow-24.3.10.jar;C:\Users\richa\.m2\repository\com\vaadin\vaadin-tabs-flow\24.3.10\vaadin-tabs-flow-24.3.10.jar;C:\Users\richa\.m2\repository\com\vaadin\vaadin-text-field-flow\24.3.10\vaadin-text-field-flow-24.3.10.jar;C:\Users\richa\.m2\repository\com\vaadin\vaadin-upload-flow\24.3.10\vaadin-upload-flow-24.3.10.jar;C:\Users\richa\.m2\repository\com\vaadin\vaadin-notification-flow\24.3.10\vaadin-notification-flow-24.3.10.jar;C:\Users\richa\.m2\repository\com\vaadin\vaadin-app-layout-flow\24.3.10\vaadin-app-layout-flow-24.3.10.jar;C:\Users\richa\.m2\repository\com\vaadin\vaadin-context-menu-flow\24.3.10\vaadin-context-menu-flow-24.3.10.jar;C:\Users\richa\.m2\repository\com\vaadin\vaadin-menu-bar-flow\24.3.10\vaadin-menu-bar-flow-24.3.10.jar;C:\Users\richa\.m2\repository\com\vaadin\vaadin-dev\24.3.10\vaadin-dev-24.3.10.jar;C:\Users\richa\.m2\repository\com\vaadin\vaadin-dev-server\24.3.9\vaadin-dev-server-24.3.9.jar;C:\Users\richa\.m2\repository\com\vaadin\license-checker\1.12.8\license-checker-1.12.8.jar;C:\Users\richa\.m2\repository\com\github\oshi\oshi-core\6.4.10\oshi-core-6.4.10.jar;C:\Users\richa\.m2\repository\net\java\dev\jna\jna\5.14.0\jna-5.14.0.jar;C:\Users\richa\.m2\repository\net\java\dev\jna\jna-platform\5.14.0\jna-platform-5.14.0.jar;C:\Users\richa\.m2\repository\com\nimbusds\nimbus-jose-jwt\9.37.3\nimbus-jose-jwt-9.37.3.jar;C:\Users\richa\.m2\repository\org\lucee\jcip-annotations\1.0.0\jcip-annotations-1.0.0.jar;C:\Users\richa\.m2\repository\com\vaadin\open\8.5.0\open-8.5.0.jar;C:\Users\richa\.m2\repository\com\github\javaparser\javaparser-core\3.25.6\javaparser-core-3.25.6.jar;C:\Users\richa\.m2\repository\io\methvin\directory-watcher\0.18.0\directory-watcher-0.18.0.jar;C:\Users\richa\.m2\repository\com\vaadin\vaadin-dev-bundle\24.3.10\vaadin-dev-bundle-24.3.10.jar;C:\Users\richa\.m2\repository\org\springframework\boot\spring-boot-starter-web\3.2.5\spring-boot-starter-web-3.2.5.jar;C:\Users\richa\.m2\repository\org\springframework\boot\spring-boot-starter-json\3.2.5\spring-boot-starter-json-3.2.5.jar;C:\Users\richa\.m2\repository\com\fasterxml\jackson\datatype\jackson-datatype-jdk8\2.15.4\jackson-datatype-jdk8-2.15.4.jar;C:\Users\richa\.m2\repository\com\fasterxml\jackson\module\jackson-module-parameter-names\2.15.4\jackson-module-parameter-names-2.15.4.jar;C:\Users\richa\.m2\repository\org\springframework\boot\spring-boot-starter-tomcat\3.2.5\spring-boot-starter-tomcat-3.2.5.jar;C:\Users\richa\.m2\repository\org\apache\tomcat\embed\tomcat-embed-core\10.1.20\tomcat-embed-core-10.1.20.jar;C:\Users\richa\.m2\repository\org\apache\tomcat\embed\tomcat-embed-el\10.1.20\tomcat-embed-el-10.1.20.jar;C:\Users\richa\.m2\repository\org\apache\tomcat\embed\tomcat-embed-websocket\10.1.20\tomcat-embed-websocket-10.1.20.jar;C:\Users\richa\.m2\repository\org\springframework\spring-web\6.1.6\spring-web-6.1.6.jar;C:\Users\richa\.m2\repository\io\micrometer\micrometer-observation\1.12.5\micrometer-observation-1.12.5.jar;C:\Users\richa\.m2\repository\io\micrometer\micrometer-commons\1.12.5\micrometer-commons-1.12.5.jar;C:\Users\richa\.m2\repository\org\springframework\boot\spring-boot-starter\3.2.5\spring-boot-starter-3.2.5.jar;C:\Users\richa\.m2\repository\org\springframework\boot\spring-boot\3.2.5\spring-boot-3.2.5.jar;C:\Users\richa\.m2\repository\org\springframework\boot\spring-boot-autoconfigure\3.2.5\spring-boot-autoconfigure-3.2.5.jar;C:\Users\richa\.m2\repository\org\springframework\boot\spring-boot-starter-logging\3.2.5\spring-boot-starter-logging-3.2.5.jar;C:\Users\richa\.m2\repository\ch\qos\logback\logback-classic\1.4.14\logback-classic-1.4.14.jar;C:\Users\richa\.m2\repository\ch\qos\logback\logback-core\1.4.14\logback-core-1.4.14.jar;C:\Users\richa\.m2\repository\org\apache\logging\log4j\log4j-to-slf4j\2.21.1\log4j-to-slf4j-2.21.1.jar;C:\Users\richa\.m2\repository\org\apache\logging\log4j\log4j-api\2.21.1\log4j-api-2.21.1.jar;C:\Users\richa\.m2\repository\org\slf4j\jul-to-slf4j\2.0.13\jul-to-slf4j-2.0.13.jar;C:\Users\richa\.m2\repository\jakarta\annotation\jakarta.annotation-api\2.1.1\jakarta.annotation-api-2.1.1.jar;C:\Users\richa\.m2\repository\org\yaml\snakeyaml\2.2\snakeyaml-2.2.jar;C:\Users\richa\.m2\repository\org\slf4j\slf4j-api\2.0.13\slf4j-api-2.0.13.jar;C:\Users\richa\.m2\repository\jakarta\xml\bind\jakarta.xml.bind-api\4.0.2\jakarta.xml.bind-api-4.0.2.jar;C:\Users\richa\.m2\repository\jakarta\activation\jakarta.activation-api\2.1.3\jakarta.activation-api-2.1.3.jar;C:\Users\richa\.m2\repository\net\bytebuddy\byte-buddy\1.14.13\byte-buddy-1.14.13.jar;C:\Users\richa\.m2\repository\org\springframework\spring-core\6.1.6\spring-core-6.1.6.jar;C:\Users\richa\.m2\repository\org\springframework\spring-jcl\6.1.6\spring-jcl-6.1.6.jar;C:\Users\richa\.m2\repository\org\springframework\boot\spring-boot-starter-data-jpa\3.2.5\spring-boot-starter-data-jpa-3.2.5.jar;C:\Users\richa\.m2\repository\org\springframework\boot\spring-boot-starter-aop\3.2.5\spring-boot-starter-aop-3.2.5.jar;C:\Users\richa\.m2\repository\org\springframework\spring-aop\6.1.6\spring-aop-6.1.6.jar;C:\Users\richa\.m2\repository\org\aspectj\aspectjweaver\1.9.22\aspectjweaver-1.9.22.jar;C:\Users\richa\.m2\repository\org\springframework\boot\spring-boot-starter-jdbc\3.2.5\spring-boot-starter-jdbc-3.2.5.jar;C:\Users\richa\.m2\repository\com\zaxxer\HikariCP\5.0.1\HikariCP-5.0.1.jar;C:\Users\richa\.m2\repository\org\springframework\spring-jdbc\6.1.6\spring-jdbc-6.1.6.jar;C:\Users\richa\.m2\repository\org\hibernate\orm\hibernate-core\6.4.4.Final\hibernate-core-6.4.4.Final.jar;C:\Users\richa\.m2\repository\jakarta\persistence\jakarta.persistence-api\3.1.0\jakarta.persistence-api-3.1.0.jar;C:\Users\richa\.m2\repository\jakarta\transaction\jakarta.transaction-api\2.0.1\jakarta.transaction-api-2.0.1.jar;C:\Users\richa\.m2\repository\org\jboss\logging\jboss-logging\3.5.3.Final\jboss-logging-3.5.3.Final.jar;C:\Users\richa\.m2\repository\org\hibernate\common\hibernate-commons-annotations\6.0.6.Final\hibernate-commons-annotations-6.0.6.Final.jar;C:\Users\richa\.m2\repository\io\smallrye\jandex\3.1.2\jandex-3.1.2.jar;C:\Users\richa\.m2\repository\com\fasterxml\classmate\1.6.0\classmate-1.6.0.jar;C:\Users\richa\.m2\repository\org\glassfish\jaxb\jaxb-runtime\4.0.5\jaxb-runtime-4.0.5.jar;C:\Users\richa\.m2\repository\org\glassfish\jaxb\jaxb-core\4.0.5\jaxb-core-4.0.5.jar;C:\Users\richa\.m2\repository\org\eclipse\angus\angus-activation\2.0.2\angus-activation-2.0.2.jar;C:\Users\richa\.m2\repository\org\glassfish\jaxb\txw2\4.0.5\txw2-4.0.5.jar;C:\Users\richa\.m2\repository\com\sun\istack\istack-commons-runtime\4.1.2\istack-commons-runtime-4.1.2.jar;C:\Users\richa\.m2\repository\jakarta\inject\jakarta.inject-api\2.0.1\jakarta.inject-api-2.0.1.jar;C:\Users\richa\.m2\repository\org\antlr\antlr4-runtime\4.13.0\antlr4-runtime-4.13.0.jar;C:\Users\richa\.m2\repository\org\springframework\data\spring-data-jpa\3.2.5\spring-data-jpa-3.2.5.jar;C:\Users\richa\.m2\repository\org\springframework\data\spring-data-commons\3.2.5\spring-data-commons-3.2.5.jar;C:\Users\richa\.m2\repository\org\springframework\spring-orm\6.1.6\spring-orm-6.1.6.jar;C:\Users\richa\.m2\repository\org\springframework\spring-context\6.1.6\spring-context-6.1.6.jar;C:\Users\richa\.m2\repository\org\springframework\spring-tx\6.1.6\spring-tx-6.1.6.jar;C:\Users\richa\.m2\repository\org\springframework\spring-beans\6.1.6\spring-beans-6.1.6.jar;C:\Users\richa\.m2\repository\org\springframework\spring-aspects\6.1.6\spring-aspects-6.1.6.jar;C:\Users\richa\.m2\repository\org\postgresql\postgresql\42.6.2\postgresql-42.6.2.jar;C:\Users\richa\.m2\repository\org\checkerframework\checker-qual\3.31.0\checker-qual-3.31.0.jar
Launcher Type: SUN_STANDARD

[Global flags]
     intx CICompilerCount                          = 4                                         {product} {ergonomic}
     uint ConcGCThreads                            = 3                                         {product} {ergonomic}
     uint G1ConcRefinementThreads                  = 10                                        {product} {ergonomic}
   size_t G1HeapRegionSize                         = 4194304                                   {product} {ergonomic}
    uintx GCDrainStackTargetSize                   = 64                                        {product} {ergonomic}
   size_t InitialHeapSize                          = 536870912                                 {product} {ergonomic}
     bool ManagementServer                         = true                                      {product} {command line}
   size_t MarkStackSize                            = 4194304                                   {product} {ergonomic}
   size_t MaxHeapSize                              = 8568963072                                {product} {ergonomic}
   size_t MaxNewSize                               = 5138022400                                {product} {ergonomic}
   size_t MinHeapDeltaBytes                        = 4194304                                   {product} {ergonomic}
   size_t MinHeapSize                              = 8388608                                   {product} {ergonomic}
    uintx NonNMethodCodeHeapSize                   = 4096                                   {pd product} {ergonomic}
    uintx NonProfiledCodeHeapSize                  = 0                                      {pd product} {ergonomic}
     bool ProfileInterpreter                       = false                                  {pd product} {command line}
    uintx ProfiledCodeHeapSize                     = 0                                      {pd product} {ergonomic}
     bool ShowCodeDetailsInExceptionMessages       = true                                   {manageable} {command line}
   size_t SoftMaxHeapSize                          = 8568963072                             {manageable} {ergonomic}
     intx TieredStopAtLevel                        = 1                                         {product} {command line}
     bool UseCompressedOops                        = true                           {product lp64_product} {ergonomic}
     bool UseG1GC                                  = true                                      {product} {ergonomic}
     bool UseLargePagesIndividualAllocation        = false                                  {pd product} {ergonomic}

Logging:
Log output configuration:
 #0: stdout all=warning uptime,level,tags foldmultilines=false
 #1: stderr all=off uptime,level,tags foldmultilines=false

Environment Variables:
JAVA_HOME=C:\Program Files\Java\jdk-21.0.1
PATH=C:/Users/richa/.p2/pool/plugins/org.eclipse.justj.openjdk.hotspot.jre.full.win32.x86_64_22.0.0.v20240322-1225/jre/bin/server;C:/Users/richa/.p2/pool/plugins/org.eclipse.justj.openjdk.hotspot.jre.full.win32.x86_64_22.0.0.v20240322-1225/jre/bin;C:\Program Files (x86)\Common Files\Oracle\Java\javapath;C:\Program Files (x86)\Intel\Intel(R) Management Engine Components\iCLS\;C:\Program Files\Intel\Intel(R) Management Engine Components\iCLS\;C:\Windows\system32;C:\Windows;C:\Windows\System32\Wbem;C:\Windows\System32\WindowsPowerShell\v1.0\;C:\Program Files (x86)\NVIDIA Corporation\PhysX\Common;C:\Program Files (x86)\Intel\Intel(R) Management Engine Components\DAL;C:\Program Files\Intel\Intel(R) Management Engine Components\DAL;C:\Program Files (x86)\Intel\Intel(R) Management Engine Components\IPT;C:\Program Files\Intel\Intel(R) Management Engine Components\IPT;C:\Windows\system32;C:\Windows;C:\Windows\System32\Wbem;C:\Windows\System32\WindowsPowerShell\v1.0\;C:\Windows\System32\OpenSSH\;C:\Program Files\NVIDIA Corporation\NVIDIA NvDLISR;C:\Program Files\dotnet\;D:\Program Files\nodejs\;D:\Program Files\Git\cmd;D:\Program Files (x86)\Bitvise SSH Client;C:\Program Files\Microsoft SQL Server\150\Tools\Binn\;C:\Program Files\Microsoft SQL Server\Client SDK\ODBC\170\Tools\Binn\;C:\Users\richa\AppData\Local\Microsoft\WindowsApps;D:\Users\richa\AppData\Local\Programs\Microsoft VS Code\bin;C:\Users\richa\.dotnet\tools;C:\Users\richa\AppData\Roaming\npm;C:\Program Files\Java\openjdk-8;C:\Program Files\apache-maven-3.9.1\bin;C:\Users\richa\.dotnet\tools;C:\Program Files\cpp\mingw64\bin;;C:\Windows\system32;
USERNAME=richa
OS=Windows_NT
PROCESSOR_IDENTIFIER=Intel64 Family 6 Model 165 Stepping 5, GenuineIntel
TMP=C:\Users\richa\AppData\Local\Temp
TEMP=C:\Users\richa\AppData\Local\Temp




Periodic native trim disabled

---------------  S Y S T E M  ---------------

OS:
 Windows 10 , 64 bit Build 19041 (10.0.19041.3636)
OS uptime: 0 days 9:17 hours

CPU: total 12 (initial active 12) (6 cores per cpu, 2 threads per core) family 6 model 165 stepping 5 microcode 0xe2, cx8, cmov, fxsr, ht, mmx, 3dnowpref, sse, sse2, sse3, ssse3, sse4.1, sse4.2, popcnt, lzcnt, tsc, tscinvbit, avx, avx2, aes, erms, clmul, bmi1, bmi2, adx, fma, vzeroupper, clflush, clflushopt, rdtscp, f16c, pku
Processor Information for all 12 processors :
  Max Mhz: 4104, Current Mhz: 4104, Mhz Limit: 4104

Memory: 4k page, system-wide physical 32677M (19539M free)
TotalPageFile size 37541M (AvailPageFile size 21779M)
current process WorkingSet (physical memory assigned to process): 405M, peak: 451M
current process commit charge ("private bytes"): 448M, peak: 650M

vm_info: Java HotSpot(TM) 64-Bit Server VM (21.0.1+12-LTS-29) for windows-amd64 JRE (21.0.1+12-LTS-29), built on 2023-10-05T13:27:09Z by "mach5one" with MS VC++ 17.1 (VS2022)

END.
